This file contains any messages produced by compilers while
running configure, to aid debugging if configure makes a mistake.

It was created by configure, which was
generated by GNU Autoconf 2.61.  Invocation command line was

  $ ./configure 

## --------- ##
## Platform. ##
## --------- ##

hostname = Joshuas-MacBook-Air-4.local
uname -m = x86_64
uname -r = 14.5.0
uname -s = Darwin
uname -v = Darwin Kernel Version 14.5.0: Tue Sep  1 21:23:09 PDT 2015; root:xnu-2782.50.1~1/RELEASE_X86_64

/usr/bin/uname -p = i386
/bin/uname -X     = unknown

/bin/arch              = unknown
/usr/bin/arch -k       = unknown
/usr/convex/getsysinfo = unknown
/usr/bin/hostinfo      = Mach kernel version:
	 Darwin Kernel Version 14.5.0: Tue Sep  1 21:23:09 PDT 2015; root:xnu-2782.50.1~1/RELEASE_X86_64
Kernel configured for up to 4 processors.
2 processors are physically available.
4 processors are logically available.
Processor type: x86_64h (Intel x86-64h Haswell)
Processors active: 0 1 2 3
Primary memory available: 8.00 gigabytes
Default processor set: 298 tasks, 1476 threads, 4 processors
Load average: 0.84, Mach factor: 3.15
/bin/machine           = unknown
/usr/bin/oslevel       = unknown
/bin/universe          = unknown

PATH: /usr/lib/emsdk_portable/emscripten/master/system/bin
PATH: /usr/local/bin
PATH: /usr/local/sbin
PATH: /usr/local/share/npm/bin
PATH: /usr/bin
PATH: /bin
PATH: /usr/sbin
PATH: /sbin
PATH: /opt/X11/bin
PATH: /usr/local/git/bin
PATH: /usr/bin
PATH: /bin
PATH: /usr/sbin
PATH: /sbin
PATH: /usr/local/bin
PATH: /usr/local/share/npm/bin
PATH: /Users/joshua


## ----------- ##
## Core tests. ##
## ----------- ##

configure:2066: checking for a BSD-compatible install
configure:2122: result: /usr/local/bin/ginstall -c
configure:2133: checking whether build environment is sane
configure:2176: result: yes
configure:2204: checking for a thread-safe mkdir -p
configure:2243: result: /usr/local/bin/gmkdir -p
configure:2256: checking for gawk
configure:2286: result: no
configure:2256: checking for mawk
configure:2286: result: no
configure:2256: checking for nawk
configure:2286: result: no
configure:2256: checking for awk
configure:2272: found /usr/bin/awk
configure:2283: result: awk
configure:2294: checking whether make sets $(MAKE)
configure:2315: result: yes
configure:2568: checking for gcc
configure:2595: result: /usr/lib/emsdk_portable/emscripten/master/emcc
configure:2833: checking for C compiler version
configure:2840: /usr/lib/emsdk_portable/emscripten/master/emcc --version >&5
emcc (Emscripten gcc/clang-like replacement) 1.34.0 (commit 667dcd241886fdb878e248d95d8e03abb09c80b7)
Copyright (C) 2014 the Emscripten authors (see AUTHORS.txt)
This is free and open source software under the MIT license.
There is NO warranty; not even for MERCHANTABILITY or FITNESS FOR A PARTICULAR PURPOSE.
  
configure:2843: $? = 0
configure:2850: /usr/lib/emsdk_portable/emscripten/master/emcc -v >&5
clang version 3.7.0 (https://github.com/kripken/emscripten-fastcomp-clang/ 3d7aff0906f41c562d70c6e0483012de758f9bfa) (https://github.com/kripken/emscripten-fastcomp/ dccd6517fcc00126e4e74d77c5a8fa06efd3a2ad)
Target: x86_64-apple-darwin14.5.0
Thread model: posix
INFO     root: [32m(Emscripten: Running sanity checks)[0m
emcc (Emscripten gcc/clang-like replacement + linker emulating GNU ld) 1.34.0
configure:2853: $? = 0
configure:2860: /usr/lib/emsdk_portable/emscripten/master/emcc -V >&5
ERROR    root: [31mno input files
note that input files without a known suffix are ignored, make sure your input files end with one of: ('.c', '.C', '.i', '.cpp', '.cxx', '.cc', '.c++', '.CPP', '.CXX', '.CC', '.C++', '.ii', '.m', '.mi', '.mm', '.mii', '.bc', '.o', '.obj', '.lo', '.dylib', '.so', '.a', '.ll', '.h', '.hxx', '.hpp', '.hh', '.H', '.HXX', '.HPP', '.HH')[0m
configure:2863: $? = 0
configure:2886: checking for C compiler default output file name
configure:2913: /usr/lib/emsdk_portable/emscripten/master/emcc  -Wall   conftest.c  >&5
configure:2916: $? = 0
configure:2954: result: a.out
configure:2971: checking whether the C compiler works
configure:2981: ./a.out
configure:2984: $? = 0
configure:3001: result: yes
configure:3008: checking whether we are cross compiling
configure:3010: result: no
configure:3013: checking for suffix of executables
configure:3020: /usr/lib/emsdk_portable/emscripten/master/emcc -o conftest  -Wall   conftest.c  >&5
configure:3023: $? = 0
configure:3047: result: 
configure:3053: checking for suffix of object files
configure:3079: /usr/lib/emsdk_portable/emscripten/master/emcc -c  -Wall  conftest.c >&5
configure:3082: $? = 0
configure:3105: result: o
configure:3109: checking whether we are using the GNU C compiler
configure:3138: /usr/lib/emsdk_portable/emscripten/master/emcc -c  -Wall  conftest.c >&5
configure:3144: $? = 0
configure:3161: result: yes
configure:3166: checking whether /usr/lib/emsdk_portable/emscripten/master/emcc accepts -g
configure:3196: /usr/lib/emsdk_portable/emscripten/master/emcc -c -g  conftest.c >&5
configure:3202: $? = 0
configure:3301: result: yes
configure:3318: checking for /usr/lib/emsdk_portable/emscripten/master/emcc option to accept ISO C89
configure:3392: /usr/lib/emsdk_portable/emscripten/master/emcc  -c  -Wall  conftest.c >&5
configure:3398: $? = 0
configure:3421: result: none needed
configure:3450: checking for style of include used by make
configure:3478: result: GNU
configure:3503: checking dependency style of /usr/lib/emsdk_portable/emscripten/master/emcc
configure:3594: result: gcc3
configure:3610: checking whether /usr/lib/emsdk_portable/emscripten/master/emcc and cc understand -c and -o together
configure:3645: /usr/lib/emsdk_portable/emscripten/master/emcc -c conftest.c -o conftest2.o >&5
configure:3648: $? = 0
configure:3654: /usr/lib/emsdk_portable/emscripten/master/emcc -c conftest.c -o conftest2.o >&5
configure:3657: $? = 0
configure:3668: cc -c conftest.c >&5
configure:3671: $? = 0
configure:3679: cc -c conftest.c -o conftest2.o >&5
configure:3682: $? = 0
configure:3688: cc -c conftest.c -o conftest2.o >&5
configure:3691: $? = 0
configure:3709: result: yes
configure:3748: checking for a BSD-compatible install
configure:3804: result: /usr/local/bin/ginstall -c
configure:3821: checking build system type
configure:3839: result: i386-apple-darwin14.5.0
configure:3861: checking host system type
configure:3876: result: i386-apple-darwin14.5.0
configure:4238: checking for a sed that does not truncate output
configure:4317: result: /usr/bin/sed
configure:4335: checking for grep that handles long lines and -e
configure:4409: result: /usr/bin/grep
configure:4414: checking for egrep
configure:4492: result: /usr/bin/grep -E
configure:4497: checking for fgrep
configure:4575: result: /usr/bin/grep -F
configure:4610: checking for ld used by /usr/lib/emsdk_portable/emscripten/master/emcc
ERROR    root: [31mno input files
note that input files without a known suffix are ignored, make sure your input files end with one of: ('.c', '.C', '.i', '.cpp', '.cxx', '.cc', '.c++', '.CPP', '.CXX', '.CC', '.C++', '.ii', '.m', '.mi', '.mm', '.mii', '.bc', '.o', '.obj', '.lo', '.dylib', '.so', '.a', '.ll', '.h', '.hxx', '.hpp', '.hh', '.H', '.HXX', '.HPP', '.HH')[0m
configure:4677: result: /usr/lib/emsdk_portable/emscripten/master/emcc
configure:4686: checking if the linker (/usr/lib/emsdk_portable/emscripten/master/emcc) is GNU ld
configure:4701: result: yes
configure:4713: checking for BSD- or MS-compatible name lister (nm)
configure:4762: result: /usr/bin/nm
configure:4884: checking the name lister (/usr/bin/nm) interface
configure:4891: /usr/lib/emsdk_portable/emscripten/master/emcc -c  -Wall  conftest.c >&5
configure:4894: /usr/bin/nm "conftest.o"
configure:4897: output
configure:4904: result: BSD nm
configure:4907: checking whether ln -s works
configure:4911: result: yes
configure:4919: checking the maximum length of command line arguments
configure:5039: result: 196608
configure:5056: checking whether the shell understands some XSI constructs
configure:5066: result: yes
configure:5070: checking whether the shell understands "+="
configure:5076: result: yes
configure:5111: checking for /usr/lib/emsdk_portable/emscripten/master/emcc option to reload object files
configure:5118: result: -r
configure:5145: checking how to recognize dependent libraries
configure:5335: result: pass_all
configure:5395: checking for ar
configure:5422: result: /usr/lib/emsdk_portable/emscripten/master/emar
configure:5504: checking for strip
configure:5520: found /usr/bin/strip
configure:5531: result: strip
configure:5607: checking for ranlib
configure:5634: result: /usr/lib/emsdk_portable/emscripten/master/emranlib
configure:5728: checking command to parse /usr/bin/nm output from /usr/lib/emsdk_portable/emscripten/master/emcc object
configure:5846: /usr/lib/emsdk_portable/emscripten/master/emcc -c  -Wall  conftest.c >&5
configure:5849: $? = 0
configure:5853: /usr/bin/nm conftest.o \| sed -n -e 's/^.*[	 ]\([BCDEGRST][BCDEGRST]*\)[	 ][	 ]*\([_A-Za-z][_A-Za-z0-9]*\)$/\1 \2 \2/p' \> conftest.nm
configure:5856: $? = 0
cannot run sed -n -e 's/^.*[	 ]\([BCDEGRST][BCDEGRST]*\)[	 ][	 ]*\([_A-Za-z][_A-Za-z0-9]*\)$/\1 \2 \2/p'
configure:5846: /usr/lib/emsdk_portable/emscripten/master/emcc -c  -Wall  conftest.c >&5
configure:5849: $? = 0
configure:5853: /usr/bin/nm conftest.o \| sed -n -e 's/^.*[	 ]\([BCDEGRST][BCDEGRST]*\)[	 ][	 ]*_\([_A-Za-z][_A-Za-z0-9]*\)$/\1 _\2 \2/p' \> conftest.nm
configure:5856: $? = 0
cannot run sed -n -e 's/^.*[	 ]\([BCDEGRST][BCDEGRST]*\)[	 ][	 ]*_\([_A-Za-z][_A-Za-z0-9]*\)$/\1 _\2 \2/p'
configure:5948: result: failed
configure:6241: checking for dsymutil
configure:6257: found /usr/bin/dsymutil
configure:6268: result: dsymutil
configure:6337: checking for nmedit
configure:6353: found /usr/bin/nmedit
configure:6364: result: nmedit
configure:6433: checking for lipo
configure:6449: found /usr/bin/lipo
configure:6460: result: lipo
configure:6529: checking for otool
configure:6545: found /usr/bin/otool
configure:6556: result: otool
configure:6625: checking for otool64
configure:6655: result: no
configure:6704: checking for -single_module linker flag
/usr/lib/emsdk_portable/emscripten/master/emcc  -Wall  -o libconftest.dylib -dynamiclib -Wl,-single_module conftest.c
clang-3.7: warning: argument unused during compilation: '-dynamiclib'
configure:6731: result: no
configure:6733: checking for -exported_symbols_list linker flag
configure:6763: /usr/lib/emsdk_portable/emscripten/master/emcc -o conftest  -Wall   -Wl,-exported_symbols_list,conftest.sym conftest.c  >&5
configure:6769: $? = 0
configure:6788: result: yes
configure:6830: checking how to run the C preprocessor
configure:6870: /usr/lib/emsdk_portable/emscripten/master/emcc -E  conftest.c
configure:6876: $? = 0
configure:6907: /usr/lib/emsdk_portable/emscripten/master/emcc -E  conftest.c
conftest.c:10:10: fatal error: 'ac_nonexistent.h' file not found
#include <ac_nonexistent.h>
         ^
1 error generated.
configure:6913: $? = 1
configure: failed program was:
| /* confdefs.h.  */
| #define PACKAGE_NAME ""
| #define PACKAGE_TARNAME ""
| #define PACKAGE_VERSION ""
| #define PACKAGE_STRING ""
| #define PACKAGE_BUGREPORT ""
| #define PACKAGE "fluidsynth"
| #define VERSION "1.0.9"
| /* end confdefs.h.  */
| #include <ac_nonexistent.h>
configure:6946: result: /usr/lib/emsdk_portable/emscripten/master/emcc -E
configure:6975: /usr/lib/emsdk_portable/emscripten/master/emcc -E  conftest.c
configure:6981: $? = 0
configure:7012: /usr/lib/emsdk_portable/emscripten/master/emcc -E  conftest.c
conftest.c:10:10: fatal error: 'ac_nonexistent.h' file not found
#include <ac_nonexistent.h>
         ^
1 error generated.
configure:7018: $? = 1
configure: failed program was:
| /* confdefs.h.  */
| #define PACKAGE_NAME ""
| #define PACKAGE_TARNAME ""
| #define PACKAGE_VERSION ""
| #define PACKAGE_STRING ""
| #define PACKAGE_BUGREPORT ""
| #define PACKAGE "fluidsynth"
| #define VERSION "1.0.9"
| /* end confdefs.h.  */
| #include <ac_nonexistent.h>
configure:7056: checking for ANSI C header files
configure:7086: /usr/lib/emsdk_portable/emscripten/master/emcc -c  -Wall  conftest.c >&5
configure:7092: $? = 0
configure:7191: /usr/lib/emsdk_portable/emscripten/master/emcc -o conftest  -Wall   conftest.c  >&5
configure:7194: $? = 0
configure:7200: ./conftest
configure:7203: $? = 0
configure:7220: result: yes
configure:7244: checking for sys/types.h
configure:7265: /usr/lib/emsdk_portable/emscripten/master/emcc -c  -Wall  conftest.c >&5
configure:7271: $? = 0
configure:7287: result: yes
configure:7244: checking for sys/stat.h
configure:7265: /usr/lib/emsdk_portable/emscripten/master/emcc -c  -Wall  conftest.c >&5
configure:7271: $? = 0
configure:7287: result: yes
configure:7244: checking for stdlib.h
configure:7265: /usr/lib/emsdk_portable/emscripten/master/emcc -c  -Wall  conftest.c >&5
configure:7271: $? = 0
configure:7287: result: yes
configure:7244: checking for string.h
configure:7265: /usr/lib/emsdk_portable/emscripten/master/emcc -c  -Wall  conftest.c >&5
configure:7271: $? = 0
configure:7287: result: yes
configure:7244: checking for memory.h
configure:7265: /usr/lib/emsdk_portable/emscripten/master/emcc -c  -Wall  conftest.c >&5
configure:7271: $? = 0
configure:7287: result: yes
configure:7244: checking for strings.h
configure:7265: /usr/lib/emsdk_portable/emscripten/master/emcc -c  -Wall  conftest.c >&5
configure:7271: $? = 0
configure:7287: result: yes
configure:7244: checking for inttypes.h
configure:7265: /usr/lib/emsdk_portable/emscripten/master/emcc -c  -Wall  conftest.c >&5
configure:7271: $? = 0
configure:7287: result: yes
configure:7244: checking for stdint.h
configure:7265: /usr/lib/emsdk_portable/emscripten/master/emcc -c  -Wall  conftest.c >&5
configure:7271: $? = 0
configure:7287: result: yes
configure:7244: checking for unistd.h
configure:7265: /usr/lib/emsdk_portable/emscripten/master/emcc -c  -Wall  conftest.c >&5
configure:7271: $? = 0
configure:7287: result: yes
configure:7303: checking for dlfcn.h
configure:7324: /usr/lib/emsdk_portable/emscripten/master/emcc -c  -Wall  conftest.c >&5
configure:7330: $? = 0
configure:7346: result: yes
configure:7528: checking for objdir
configure:7543: result: .libs
configure:7839: checking if /usr/lib/emsdk_portable/emscripten/master/emcc supports -fno-rtti -fno-exceptions
configure:7857: /usr/lib/emsdk_portable/emscripten/master/emcc -c  -Wall  -fno-rtti -fno-exceptions conftest.c >&5
configure:7861: $? = 0
configure:7874: result: yes
configure:7894: checking for /usr/lib/emsdk_portable/emscripten/master/emcc option to produce PIC
configure:8151: result: -fno-common -DPIC
configure:8163: checking if /usr/lib/emsdk_portable/emscripten/master/emcc PIC flag -fno-common -DPIC works
configure:8181: /usr/lib/emsdk_portable/emscripten/master/emcc -c  -Wall  -fno-common -DPIC -DPIC conftest.c >&5
configure:8185: $? = 0
configure:8198: result: yes
configure:8222: checking if /usr/lib/emsdk_portable/emscripten/master/emcc static flag -static works
configure:8250: result: yes
configure:8265: checking if /usr/lib/emsdk_portable/emscripten/master/emcc supports -c -o file.o
configure:8286: /usr/lib/emsdk_portable/emscripten/master/emcc -c  -Wall  -o out/conftest2.o conftest.c >&5
configure:8290: $? = 0
configure:8312: result: yes
configure:8320: checking if /usr/lib/emsdk_portable/emscripten/master/emcc supports -c -o file.o
configure:8367: result: yes
configure:8400: checking whether the /usr/lib/emsdk_portable/emscripten/master/emcc linker (/usr/lib/emsdk_portable/emscripten/master/emcc) supports shared libraries
configure:9455: result: yes
configure:9492: checking whether -lc should be explicitly linked in
configure:9497: /usr/lib/emsdk_portable/emscripten/master/emcc -c  -Wall  conftest.c >&5
configure:9500: $? = 0
configure:9515: /usr/lib/emsdk_portable/emscripten/master/emcc -shared conftest.o  -v -Wl,-soname -Wl,conftest -o conftest 2\>\&1 \| /usr/bin/grep  -lc  \>/dev/null 2\>\&1
configure:9518: $? = 1
configure:9530: result: yes
configure:9694: checking dynamic linker characteristics
configure:10385: result: darwin14.5.0 dyld
configure:10487: checking how to hardcode library paths into programs
configure:10512: result: immediate
configure:11325: checking whether stripping libraries is possible
configure:11339: result: yes
configure:11365: checking if libtool supports shared libraries
configure:11367: result: yes
configure:11370: checking whether to build shared libraries
configure:11391: result: yes
configure:11394: checking whether to build static libraries
configure:11398: result: yes
configure:11433: checking whether make sets $(MAKE)
configure:11454: result: yes
configure:11465: checking for pthread_create in -lpthread
configure:11500: /usr/lib/emsdk_portable/emscripten/master/emcc -o conftest  -Wall   conftest.c -lpthread   >&5
WARNING  root: [33memcc: cannot find library "pthread"[0m
[0;33mwarning:[0m unexpected number of arguments 0 in call to 'pthread_create', should be 1
error: unresolved symbol: pthread_create
Aborting compilation due to previous errors | undefined
Traceback (most recent call last):
  File "/usr/lib/emsdk_portable/emscripten/master/emscripten.py", line 1062, in <module>
    _main(environ=os.environ)
  File "/usr/lib/emsdk_portable/emscripten/master/emscripten.py", line 1052, in _main
    temp_files.run_and_clean(lambda: main(
  File "/usr/lib/emsdk_portable/emscripten/master/tools/tempfiles.py", line 39, in run_and_clean
    return func()
  File "/usr/lib/emsdk_portable/emscripten/master/emscripten.py", line 1058, in <lambda>
    DEBUG_CACHE=DEBUG_CACHE,
  File "/usr/lib/emsdk_portable/emscripten/master/emscripten.py", line 959, in main
    temp_files=temp_files, DEBUG=DEBUG, DEBUG_CACHE=DEBUG_CACHE)
  File "/usr/lib/emsdk_portable/emscripten/master/emscripten.py", line 197, in emscript
    cwd=path_from_root('src'), error_limit=300)
  File "/usr/lib/emsdk_portable/emscripten/master/tools/jsrun.py", line 75, in run_js
    raise Exception('Expected the command ' + str(command) + ' to finish with return code ' + str(assert_returncode) + ', but it returned with code ' + str(proc.returncode) + ' instead! Output: ' + str(ret)[:error_limit])
Exception: Expected the command ['/usr/lib/emsdk_portable/node/0.12.2_64bit/bin/node', '/usr/lib/emsdk_portable/emscripten/master/src/compiler.js', '/var/folders/5c/rq9sgx_55n55ds285t_gxr140000gn/T/tmp9Tz4cc.txt', '/usr/lib/emsdk_portable/emscripten/master/src/library_pthread_stub.js'] to finish with return code 0, but it returned with code 1 instead! Output: // The Module object: Our interface to the outside world. We import
// and export values on it, and do the work to get that through
// closure compiler if necessary. There are various ways Module can be used:
// 1. Not defined. We create it here
// 2. A function parameter, function(Module) { ..gener
Traceback (most recent call last):
  File "/usr/lib/emsdk_portable/emscripten/master/emcc", line 1294, in <module>
    final = shared.Building.emscripten(final, append_ext=False, extra_args=extra_args)
  File "/usr/lib/emsdk_portable/emscripten/master/tools/shared.py", line 1535, in emscripten
    assert os.path.exists(filename + '.o.js'), 'Emscripten failed to generate .js'
AssertionError: Emscripten failed to generate .js
configure:11506: $? = 1
configure: failed program was:
| /* confdefs.h.  */
| #define PACKAGE_NAME ""
| #define PACKAGE_TARNAME ""
| #define PACKAGE_VERSION ""
| #define PACKAGE_STRING ""
| #define PACKAGE_BUGREPORT ""
| #define PACKAGE "fluidsynth"
| #define VERSION "1.0.9"
| #define STDC_HEADERS 1
| #define HAVE_SYS_TYPES_H 1
| #define HAVE_SYS_STAT_H 1
| #define HAVE_STDLIB_H 1
| #define HAVE_STRING_H 1
| #define HAVE_MEMORY_H 1
| #define HAVE_STRINGS_H 1
| #define HAVE_INTTYPES_H 1
| #define HAVE_STDINT_H 1
| #define HAVE_UNISTD_H 1
| #define HAVE_DLFCN_H 1
| #define LT_OBJDIR ".libs/"
| /* end confdefs.h.  */
| 
| /* Override any GCC internal prototype to avoid an error.
|    Use char because int might match the return type of a GCC
|    builtin and then its argument prototype would still apply.  */
| #ifdef __cplusplus
| extern "C"
| #endif
| char pthread_create ();
| int
| main ()
| {
| return pthread_create ();
|   ;
|   return 0;
| }
configure:11524: result: no
configure:11536: checking for ANSI C header files
configure:11700: result: yes
configure:11734: checking for string.h
configure:11740: result: yes
configure:11734: checking for stdlib.h
configure:11740: result: yes
configure:11744: checking stdio.h usability
configure:11761: /usr/lib/emsdk_portable/emscripten/master/emcc -c  -Wall  conftest.c >&5
configure:11767: $? = 0
configure:11781: result: yes
configure:11785: checking stdio.h presence
configure:11800: /usr/lib/emsdk_portable/emscripten/master/emcc -E  conftest.c
configure:11806: $? = 0
configure:11820: result: yes
configure:11848: checking for stdio.h
configure:11856: result: yes
configure:11744: checking math.h usability
configure:11761: /usr/lib/emsdk_portable/emscripten/master/emcc -c  -Wall  conftest.c >&5
configure:11767: $? = 0
configure:11781: result: yes
configure:11785: checking math.h presence
configure:11800: /usr/lib/emsdk_portable/emscripten/master/emcc -E  conftest.c
configure:11806: $? = 0
configure:11820: result: yes
configure:11848: checking for math.h
configure:11856: result: yes
configure:11744: checking errno.h usability
configure:11761: /usr/lib/emsdk_portable/emscripten/master/emcc -c  -Wall  conftest.c >&5
configure:11767: $? = 0
configure:11781: result: yes
configure:11785: checking errno.h presence
configure:11800: /usr/lib/emsdk_portable/emscripten/master/emcc -E  conftest.c
configure:11806: $? = 0
configure:11820: result: yes
configure:11848: checking for errno.h
configure:11856: result: yes
configure:11744: checking stdarg.h usability
configure:11761: /usr/lib/emsdk_portable/emscripten/master/emcc -c  -Wall  conftest.c >&5
configure:11767: $? = 0
configure:11781: result: yes
configure:11785: checking stdarg.h presence
configure:11800: /usr/lib/emsdk_portable/emscripten/master/emcc -E  conftest.c
configure:11806: $? = 0
configure:11820: result: yes
configure:11848: checking for stdarg.h
configure:11856: result: yes
configure:11734: checking for unistd.h
configure:11740: result: yes
configure:11744: checking sys/mman.h usability
configure:11761: /usr/lib/emsdk_portable/emscripten/master/emcc -c  -Wall  conftest.c >&5
configure:11767: $? = 0
configure:11781: result: yes
configure:11785: checking sys/mman.h presence
configure:11800: /usr/lib/emsdk_portable/emscripten/master/emcc -E  conftest.c
configure:11806: $? = 0
configure:11820: result: yes
configure:11848: checking for sys/mman.h
configure:11856: result: yes
configure:11734: checking for sys/types.h
configure:11740: result: yes
configure:11744: checking sys/time.h usability
configure:11761: /usr/lib/emsdk_portable/emscripten/master/emcc -c  -Wall  conftest.c >&5
configure:11767: $? = 0
configure:11781: result: yes
configure:11785: checking sys/time.h presence
configure:11800: /usr/lib/emsdk_portable/emscripten/master/emcc -E  conftest.c
configure:11806: $? = 0
configure:11820: result: yes
configure:11848: checking for sys/time.h
configure:11856: result: yes
configure:11734: checking for sys/stat.h
configure:11740: result: yes
configure:11744: checking fcntl.h usability
configure:11761: /usr/lib/emsdk_portable/emscripten/master/emcc -c  -Wall  conftest.c >&5
configure:11767: $? = 0
configure:11781: result: yes
configure:11785: checking fcntl.h presence
configure:11800: /usr/lib/emsdk_portable/emscripten/master/emcc -E  conftest.c
configure:11806: $? = 0
configure:11820: result: yes
configure:11848: checking for fcntl.h
configure:11856: result: yes
configure:11744: checking sys/socket.h usability
configure:11761: /usr/lib/emsdk_portable/emscripten/master/emcc -c  -Wall  conftest.c >&5
configure:11767: $? = 0
configure:11781: result: yes
configure:11785: checking sys/socket.h presence
configure:11800: /usr/lib/emsdk_portable/emscripten/master/emcc -E  conftest.c
configure:11806: $? = 0
configure:11820: result: yes
configure:11848: checking for sys/socket.h
configure:11856: result: yes
configure:11744: checking netinet/in.h usability
configure:11761: /usr/lib/emsdk_portable/emscripten/master/emcc -c  -Wall  conftest.c >&5
configure:11767: $? = 0
configure:11781: result: yes
configure:11785: checking netinet/in.h presence
configure:11800: /usr/lib/emsdk_portable/emscripten/master/emcc -E  conftest.c
configure:11806: $? = 0
configure:11820: result: yes
configure:11848: checking for netinet/in.h
configure:11856: result: yes
configure:11744: checking netinet/tcp.h usability
configure:11761: /usr/lib/emsdk_portable/emscripten/master/emcc -c  -Wall  conftest.c >&5
configure:11767: $? = 0
configure:11781: result: yes
configure:11785: checking netinet/tcp.h presence
configure:11800: /usr/lib/emsdk_portable/emscripten/master/emcc -E  conftest.c
configure:11806: $? = 0
configure:11820: result: yes
configure:11848: checking for netinet/tcp.h
configure:11856: result: yes
configure:11744: checking arpa/inet.h usability
configure:11761: /usr/lib/emsdk_portable/emscripten/master/emcc -c  -Wall  conftest.c >&5
configure:11767: $? = 0
configure:11781: result: yes
configure:11785: checking arpa/inet.h presence
configure:11800: /usr/lib/emsdk_portable/emscripten/master/emcc -E  conftest.c
configure:11806: $? = 0
configure:11820: result: yes
configure:11848: checking for arpa/inet.h
configure:11856: result: yes
configure:11744: checking limits.h usability
configure:11761: /usr/lib/emsdk_portable/emscripten/master/emcc -c  -Wall  conftest.c >&5
configure:11767: $? = 0
configure:11781: result: yes
configure:11785: checking limits.h presence
configure:11800: /usr/lib/emsdk_portable/emscripten/master/emcc -E  conftest.c
configure:11806: $? = 0
configure:11820: result: yes
configure:11848: checking for limits.h
configure:11856: result: yes
configure:11744: checking pthread.h usability
configure:11761: /usr/lib/emsdk_portable/emscripten/master/emcc -c  -Wall  conftest.c >&5
configure:11767: $? = 0
configure:11781: result: yes
configure:11785: checking pthread.h presence
configure:11800: /usr/lib/emsdk_portable/emscripten/master/emcc -E  conftest.c
configure:11806: $? = 0
configure:11820: result: yes
configure:11848: checking for pthread.h
configure:11856: result: yes
configure:11744: checking signal.h usability
configure:11761: /usr/lib/emsdk_portable/emscripten/master/emcc -c  -Wall  conftest.c >&5
configure:11767: $? = 0
configure:11781: result: yes
configure:11785: checking signal.h presence
configure:11800: /usr/lib/emsdk_portable/emscripten/master/emcc -E  conftest.c
configure:11806: $? = 0
configure:11820: result: yes
configure:11848: checking for signal.h
configure:11856: result: yes
configure:11744: checking windows.h usability
configure:11761: /usr/lib/emsdk_portable/emscripten/master/emcc -c  -Wall  conftest.c >&5
conftest.c:75:10: fatal error: 'windows.h' file not found
#include <windows.h>
         ^
1 error generated.
ERROR    root: [31mcompiler frontend failed to generate LLVM bitcode, halting[0m
configure:11767: $? = 1
configure: failed program was:
| /* confdefs.h.  */
| #define PACKAGE_NAME ""
| #define PACKAGE_TARNAME ""
| #define PACKAGE_VERSION ""
| #define PACKAGE_STRING ""
| #define PACKAGE_BUGREPORT ""
| #define PACKAGE "fluidsynth"
| #define VERSION "1.0.9"
| #define STDC_HEADERS 1
| #define HAVE_SYS_TYPES_H 1
| #define HAVE_SYS_STAT_H 1
| #define HAVE_STDLIB_H 1
| #define HAVE_STRING_H 1
| #define HAVE_MEMORY_H 1
| #define HAVE_STRINGS_H 1
| #define HAVE_INTTYPES_H 1
| #define HAVE_STDINT_H 1
| #define HAVE_UNISTD_H 1
| #define HAVE_DLFCN_H 1
| #define LT_OBJDIR ".libs/"
| #define STDC_HEADERS 1
| #define HAVE_STRING_H 1
| #define HAVE_STDLIB_H 1
| #define HAVE_STDIO_H 1
| #define HAVE_MATH_H 1
| #define HAVE_ERRNO_H 1
| #define HAVE_STDARG_H 1
| #define HAVE_UNISTD_H 1
| #define HAVE_SYS_MMAN_H 1
| #define HAVE_SYS_TYPES_H 1
| #define HAVE_SYS_TIME_H 1
| #define HAVE_SYS_STAT_H 1
| #define HAVE_FCNTL_H 1
| #define HAVE_SYS_SOCKET_H 1
| #define HAVE_NETINET_IN_H 1
| #define HAVE_NETINET_TCP_H 1
| #define HAVE_ARPA_INET_H 1
| #define HAVE_LIMITS_H 1
| #define HAVE_PTHREAD_H 1
| #define HAVE_SIGNAL_H 1
| /* end confdefs.h.  */
| #include <stdio.h>
| #ifdef HAVE_SYS_TYPES_H
| # include <sys/types.h>
| #endif
| #ifdef HAVE_SYS_STAT_H
| # include <sys/stat.h>
| #endif
| #ifdef STDC_HEADERS
| # include <stdlib.h>
| # include <stddef.h>
| #else
| # ifdef HAVE_STDLIB_H
| #  include <stdlib.h>
| # endif
| #endif
| #ifdef HAVE_STRING_H
| # if !defined STDC_HEADERS && defined HAVE_MEMORY_H
| #  include <memory.h>
| # endif
| # include <string.h>
| #endif
| #ifdef HAVE_STRINGS_H
| # include <strings.h>
| #endif
| #ifdef HAVE_INTTYPES_H
| # include <inttypes.h>
| #endif
| #ifdef HAVE_STDINT_H
| # include <stdint.h>
| #endif
| #ifdef HAVE_UNISTD_H
| # include <unistd.h>
| #endif
| #include <windows.h>
configure:11781: result: no
configure:11785: checking windows.h presence
configure:11800: /usr/lib/emsdk_portable/emscripten/master/emcc -E  conftest.c
conftest.c:42:10: fatal error: 'windows.h' file not found
#include <windows.h>
         ^
1 error generated.
configure:11806: $? = 1
configure: failed program was:
| /* confdefs.h.  */
| #define PACKAGE_NAME ""
| #define PACKAGE_TARNAME ""
| #define PACKAGE_VERSION ""
| #define PACKAGE_STRING ""
| #define PACKAGE_BUGREPORT ""
| #define PACKAGE "fluidsynth"
| #define VERSION "1.0.9"
| #define STDC_HEADERS 1
| #define HAVE_SYS_TYPES_H 1
| #define HAVE_SYS_STAT_H 1
| #define HAVE_STDLIB_H 1
| #define HAVE_STRING_H 1
| #define HAVE_MEMORY_H 1
| #define HAVE_STRINGS_H 1
| #define HAVE_INTTYPES_H 1
| #define HAVE_STDINT_H 1
| #define HAVE_UNISTD_H 1
| #define HAVE_DLFCN_H 1
| #define LT_OBJDIR ".libs/"
| #define STDC_HEADERS 1
| #define HAVE_STRING_H 1
| #define HAVE_STDLIB_H 1
| #define HAVE_STDIO_H 1
| #define HAVE_MATH_H 1
| #define HAVE_ERRNO_H 1
| #define HAVE_STDARG_H 1
| #define HAVE_UNISTD_H 1
| #define HAVE_SYS_MMAN_H 1
| #define HAVE_SYS_TYPES_H 1
| #define HAVE_SYS_TIME_H 1
| #define HAVE_SYS_STAT_H 1
| #define HAVE_FCNTL_H 1
| #define HAVE_SYS_SOCKET_H 1
| #define HAVE_NETINET_IN_H 1
| #define HAVE_NETINET_TCP_H 1
| #define HAVE_ARPA_INET_H 1
| #define HAVE_LIMITS_H 1
| #define HAVE_PTHREAD_H 1
| #define HAVE_SIGNAL_H 1
| /* end confdefs.h.  */
| #include <windows.h>
configure:11820: result: no
configure:11848: checking for windows.h
configure:11856: result: no
configure:11870: checking for inline
configure:11896: /usr/lib/emsdk_portable/emscripten/master/emcc -c  -Wall  conftest.c >&5
conftest.c:44:21: warning: unused function 'static_foo' [-Wunused-function]
static inline foo_t static_foo () {return 0; }
                    ^
1 warning generated.
configure:11902: $? = 0
configure:11920: result: inline
configure:11939: checking whether byte ordering is bigendian
configure:11972: /usr/lib/emsdk_portable/emscripten/master/emcc -c  -Wall  conftest.c >&5
configure:11978: $? = 0
configure:12010: /usr/lib/emsdk_portable/emscripten/master/emcc -c  -Wall  conftest.c >&5
conftest.c:49:2: error: use of undeclared identifier 'not'
 not big endian
 ^
1 error generated.
ERROR    root: [31mcompiler frontend failed to generate LLVM bitcode, halting[0m
configure:12016: $? = 1
configure: failed program was:
| /* confdefs.h.  */
| #define PACKAGE_NAME ""
| #define PACKAGE_TARNAME ""
| #define PACKAGE_VERSION ""
| #define PACKAGE_STRING ""
| #define PACKAGE_BUGREPORT ""
| #define PACKAGE "fluidsynth"
| #define VERSION "1.0.9"
| #define STDC_HEADERS 1
| #define HAVE_SYS_TYPES_H 1
| #define HAVE_SYS_STAT_H 1
| #define HAVE_STDLIB_H 1
| #define HAVE_STRING_H 1
| #define HAVE_MEMORY_H 1
| #define HAVE_STRINGS_H 1
| #define HAVE_INTTYPES_H 1
| #define HAVE_STDINT_H 1
| #define HAVE_UNISTD_H 1
| #define HAVE_DLFCN_H 1
| #define LT_OBJDIR ".libs/"
| #define STDC_HEADERS 1
| #define HAVE_STRING_H 1
| #define HAVE_STDLIB_H 1
| #define HAVE_STDIO_H 1
| #define HAVE_MATH_H 1
| #define HAVE_ERRNO_H 1
| #define HAVE_STDARG_H 1
| #define HAVE_UNISTD_H 1
| #define HAVE_SYS_MMAN_H 1
| #define HAVE_SYS_TYPES_H 1
| #define HAVE_SYS_TIME_H 1
| #define HAVE_SYS_STAT_H 1
| #define HAVE_FCNTL_H 1
| #define HAVE_SYS_SOCKET_H 1
| #define HAVE_NETINET_IN_H 1
| #define HAVE_NETINET_TCP_H 1
| #define HAVE_ARPA_INET_H 1
| #define HAVE_LIMITS_H 1
| #define HAVE_PTHREAD_H 1
| #define HAVE_SIGNAL_H 1
| /* end confdefs.h.  */
| #include <sys/types.h>
| #include <sys/param.h>
| 
| int
| main ()
| {
| #if BYTE_ORDER != BIG_ENDIAN
|  not big endian
| #endif
| 
|   ;
|   return 0;
| }
configure:12156: result: no
configure:12453: checking for pkg-config
configure:12471: found /usr/local/bin/pkg-config
configure:12483: result: /usr/local/bin/pkg-config
configure:12512: checking pkg-config is at least version 0.9.0
configure:12515: result: yes
configure:12526: checking for PULSE
configure:12534: $PKG_CONFIG --exists --print-errors "libpulse-simple >= 0.9.8"
Package libpulse-simple was not found in the pkg-config search path.
Perhaps you should add the directory containing `libpulse-simple.pc'
to the PKG_CONFIG_PATH environment variable
No package 'libpulse-simple' found
configure:12537: $? = 1
configure:12552: $PKG_CONFIG --exists --print-errors "libpulse-simple >= 0.9.8"
Package libpulse-simple was not found in the pkg-config search path.
Perhaps you should add the directory containing `libpulse-simple.pc'
to the PKG_CONFIG_PATH environment variable
No package 'libpulse-simple' found
configure:12555: $? = 1
No package 'libpulse-simple' found
configure:12583: result: no
configure:12630: checking for ALSA
configure:12638: $PKG_CONFIG --exists --print-errors "alsa >= 0.9.1"
Package alsa was not found in the pkg-config search path.
Perhaps you should add the directory containing `alsa.pc'
to the PKG_CONFIG_PATH environment variable
No package 'alsa' found
configure:12641: $? = 1
configure:12656: $PKG_CONFIG --exists --print-errors "alsa >= 0.9.1"
Package alsa was not found in the pkg-config search path.
Perhaps you should add the directory containing `alsa.pc'
to the PKG_CONFIG_PATH environment variable
No package 'alsa' found
configure:12659: $? = 1
No package 'alsa' found
configure:12687: result: no
configure:12734: checking for PORTAUDIO
configure:12742: $PKG_CONFIG --exists --print-errors "portaudio-2.0 >= 19"
Package portaudio-2.0 was not found in the pkg-config search path.
Perhaps you should add the directory containing `portaudio-2.0.pc'
to the PKG_CONFIG_PATH environment variable
No package 'portaudio-2.0' found
configure:12745: $? = 1
configure:12760: $PKG_CONFIG --exists --print-errors "portaudio-2.0 >= 19"
Package portaudio-2.0 was not found in the pkg-config search path.
Perhaps you should add the directory containing `portaudio-2.0.pc'
to the PKG_CONFIG_PATH environment variable
No package 'portaudio-2.0' found
configure:12763: $? = 1
No package 'portaudio-2.0' found
configure:12791: result: no
configure:12846: checking for fcntl.h
configure:12852: result: yes
configure:12856: checking sys/ioctl.h usability
configure:12873: /usr/lib/emsdk_portable/emscripten/master/emcc -c  -Wall  -O2 -fomit-frame-pointer -funroll-all-loops -finline-functions -Wall -W -Wpointer-arith -Wbad-function-cast -Wcast-qual -Wcast-align -Wstrict-prototypes -Wno-unused -Winline  conftest.c >&5
clang-3.7: warning: optimization flag '-funroll-all-loops' is not supported
clang-3.7: warning: optimization flag '-finline-functions' is not supported
clang-3.7: warning: argument unused during compilation: '-funroll-all-loops'
clang-3.7: warning: argument unused during compilation: '-finline-functions'
configure:12879: $? = 0
configure:12893: result: yes
configure:12897: checking sys/ioctl.h presence
configure:12912: /usr/lib/emsdk_portable/emscripten/master/emcc -E  conftest.c
configure:12918: $? = 0
configure:12932: result: yes
configure:12960: checking for sys/ioctl.h
configure:12968: result: yes
configure:12856: checking sys/soundcard.h usability
configure:12873: /usr/lib/emsdk_portable/emscripten/master/emcc -c  -Wall  -O2 -fomit-frame-pointer -funroll-all-loops -finline-functions -Wall -W -Wpointer-arith -Wbad-function-cast -Wcast-qual -Wcast-align -Wstrict-prototypes -Wno-unused -Winline  conftest.c >&5
clang-3.7: warning: optimization flag '-funroll-all-loops' is not supported
clang-3.7: warning: optimization flag '-finline-functions' is not supported
clang-3.7: warning: argument unused during compilation: '-funroll-all-loops'
clang-3.7: warning: argument unused during compilation: '-finline-functions'
conftest.c:80:10: fatal error: 'sys/soundcard.h' file not found
#include <sys/soundcard.h>
         ^
1 error generated.
ERROR    root: [31mcompiler frontend failed to generate LLVM bitcode, halting[0m
configure:12879: $? = 1
configure: failed program was:
| /* confdefs.h.  */
| #define PACKAGE_NAME ""
| #define PACKAGE_TARNAME ""
| #define PACKAGE_VERSION ""
| #define PACKAGE_STRING ""
| #define PACKAGE_BUGREPORT ""
| #define PACKAGE "fluidsynth"
| #define VERSION "1.0.9"
| #define STDC_HEADERS 1
| #define HAVE_SYS_TYPES_H 1
| #define HAVE_SYS_STAT_H 1
| #define HAVE_STDLIB_H 1
| #define HAVE_STRING_H 1
| #define HAVE_MEMORY_H 1
| #define HAVE_STRINGS_H 1
| #define HAVE_INTTYPES_H 1
| #define HAVE_STDINT_H 1
| #define HAVE_UNISTD_H 1
| #define HAVE_DLFCN_H 1
| #define LT_OBJDIR ".libs/"
| #define STDC_HEADERS 1
| #define HAVE_STRING_H 1
| #define HAVE_STDLIB_H 1
| #define HAVE_STDIO_H 1
| #define HAVE_MATH_H 1
| #define HAVE_ERRNO_H 1
| #define HAVE_STDARG_H 1
| #define HAVE_UNISTD_H 1
| #define HAVE_SYS_MMAN_H 1
| #define HAVE_SYS_TYPES_H 1
| #define HAVE_SYS_TIME_H 1
| #define HAVE_SYS_STAT_H 1
| #define HAVE_FCNTL_H 1
| #define HAVE_SYS_SOCKET_H 1
| #define HAVE_NETINET_IN_H 1
| #define HAVE_NETINET_TCP_H 1
| #define HAVE_ARPA_INET_H 1
| #define HAVE_LIMITS_H 1
| #define HAVE_PTHREAD_H 1
| #define HAVE_SIGNAL_H 1
| #define DARWIN 1
| #define WITH_FLOAT 1
| #define DEBUG 0
| #define HAVE_FCNTL_H 1
| #define HAVE_SYS_IOCTL_H 1
| /* end confdefs.h.  */
| #include <stdio.h>
| #ifdef HAVE_SYS_TYPES_H
| # include <sys/types.h>
| #endif
| #ifdef HAVE_SYS_STAT_H
| # include <sys/stat.h>
| #endif
| #ifdef STDC_HEADERS
| # include <stdlib.h>
| # include <stddef.h>
| #else
| # ifdef HAVE_STDLIB_H
| #  include <stdlib.h>
| # endif
| #endif
| #ifdef HAVE_STRING_H
| # if !defined STDC_HEADERS && defined HAVE_MEMORY_H
| #  include <memory.h>
| # endif
| # include <string.h>
| #endif
| #ifdef HAVE_STRINGS_H
| # include <strings.h>
| #endif
| #ifdef HAVE_INTTYPES_H
| # include <inttypes.h>
| #endif
| #ifdef HAVE_STDINT_H
| # include <stdint.h>
| #endif
| #ifdef HAVE_UNISTD_H
| # include <unistd.h>
| #endif
| #include <sys/soundcard.h>
configure:12893: result: no
configure:12897: checking sys/soundcard.h presence
configure:12912: /usr/lib/emsdk_portable/emscripten/master/emcc -E  conftest.c
conftest.c:47:10: fatal error: 'sys/soundcard.h' file not found
#include <sys/soundcard.h>
         ^
1 error generated.
configure:12918: $? = 1
configure: failed program was:
| /* confdefs.h.  */
| #define PACKAGE_NAME ""
| #define PACKAGE_TARNAME ""
| #define PACKAGE_VERSION ""
| #define PACKAGE_STRING ""
| #define PACKAGE_BUGREPORT ""
| #define PACKAGE "fluidsynth"
| #define VERSION "1.0.9"
| #define STDC_HEADERS 1
| #define HAVE_SYS_TYPES_H 1
| #define HAVE_SYS_STAT_H 1
| #define HAVE_STDLIB_H 1
| #define HAVE_STRING_H 1
| #define HAVE_MEMORY_H 1
| #define HAVE_STRINGS_H 1
| #define HAVE_INTTYPES_H 1
| #define HAVE_STDINT_H 1
| #define HAVE_UNISTD_H 1
| #define HAVE_DLFCN_H 1
| #define LT_OBJDIR ".libs/"
| #define STDC_HEADERS 1
| #define HAVE_STRING_H 1
| #define HAVE_STDLIB_H 1
| #define HAVE_STDIO_H 1
| #define HAVE_MATH_H 1
| #define HAVE_ERRNO_H 1
| #define HAVE_STDARG_H 1
| #define HAVE_UNISTD_H 1
| #define HAVE_SYS_MMAN_H 1
| #define HAVE_SYS_TYPES_H 1
| #define HAVE_SYS_TIME_H 1
| #define HAVE_SYS_STAT_H 1
| #define HAVE_FCNTL_H 1
| #define HAVE_SYS_SOCKET_H 1
| #define HAVE_NETINET_IN_H 1
| #define HAVE_NETINET_TCP_H 1
| #define HAVE_ARPA_INET_H 1
| #define HAVE_LIMITS_H 1
| #define HAVE_PTHREAD_H 1
| #define HAVE_SIGNAL_H 1
| #define DARWIN 1
| #define WITH_FLOAT 1
| #define DEBUG 0
| #define HAVE_FCNTL_H 1
| #define HAVE_SYS_IOCTL_H 1
| /* end confdefs.h.  */
| #include <sys/soundcard.h>
configure:12932: result: no
configure:12960: checking for sys/soundcard.h
configure:12968: result: no
configure:12856: checking machine/soundcard.h usability
configure:12873: /usr/lib/emsdk_portable/emscripten/master/emcc -c  -Wall  -O2 -fomit-frame-pointer -funroll-all-loops -finline-functions -Wall -W -Wpointer-arith -Wbad-function-cast -Wcast-qual -Wcast-align -Wstrict-prototypes -Wno-unused -Winline  conftest.c >&5
clang-3.7: warning: optimization flag '-funroll-all-loops' is not supported
clang-3.7: warning: optimization flag '-finline-functions' is not supported
clang-3.7: warning: argument unused during compilation: '-funroll-all-loops'
clang-3.7: warning: argument unused during compilation: '-finline-functions'
conftest.c:80:10: fatal error: 'machine/soundcard.h' file not found
#include <machine/soundcard.h>
         ^
1 error generated.
ERROR    root: [31mcompiler frontend failed to generate LLVM bitcode, halting[0m
configure:12879: $? = 1
configure: failed program was:
| /* confdefs.h.  */
| #define PACKAGE_NAME ""
| #define PACKAGE_TARNAME ""
| #define PACKAGE_VERSION ""
| #define PACKAGE_STRING ""
| #define PACKAGE_BUGREPORT ""
| #define PACKAGE "fluidsynth"
| #define VERSION "1.0.9"
| #define STDC_HEADERS 1
| #define HAVE_SYS_TYPES_H 1
| #define HAVE_SYS_STAT_H 1
| #define HAVE_STDLIB_H 1
| #define HAVE_STRING_H 1
| #define HAVE_MEMORY_H 1
| #define HAVE_STRINGS_H 1
| #define HAVE_INTTYPES_H 1
| #define HAVE_STDINT_H 1
| #define HAVE_UNISTD_H 1
| #define HAVE_DLFCN_H 1
| #define LT_OBJDIR ".libs/"
| #define STDC_HEADERS 1
| #define HAVE_STRING_H 1
| #define HAVE_STDLIB_H 1
| #define HAVE_STDIO_H 1
| #define HAVE_MATH_H 1
| #define HAVE_ERRNO_H 1
| #define HAVE_STDARG_H 1
| #define HAVE_UNISTD_H 1
| #define HAVE_SYS_MMAN_H 1
| #define HAVE_SYS_TYPES_H 1
| #define HAVE_SYS_TIME_H 1
| #define HAVE_SYS_STAT_H 1
| #define HAVE_FCNTL_H 1
| #define HAVE_SYS_SOCKET_H 1
| #define HAVE_NETINET_IN_H 1
| #define HAVE_NETINET_TCP_H 1
| #define HAVE_ARPA_INET_H 1
| #define HAVE_LIMITS_H 1
| #define HAVE_PTHREAD_H 1
| #define HAVE_SIGNAL_H 1
| #define DARWIN 1
| #define WITH_FLOAT 1
| #define DEBUG 0
| #define HAVE_FCNTL_H 1
| #define HAVE_SYS_IOCTL_H 1
| /* end confdefs.h.  */
| #include <stdio.h>
| #ifdef HAVE_SYS_TYPES_H
| # include <sys/types.h>
| #endif
| #ifdef HAVE_SYS_STAT_H
| # include <sys/stat.h>
| #endif
| #ifdef STDC_HEADERS
| # include <stdlib.h>
| # include <stddef.h>
| #else
| # ifdef HAVE_STDLIB_H
| #  include <stdlib.h>
| # endif
| #endif
| #ifdef HAVE_STRING_H
| # if !defined STDC_HEADERS && defined HAVE_MEMORY_H
| #  include <memory.h>
| # endif
| # include <string.h>
| #endif
| #ifdef HAVE_STRINGS_H
| # include <strings.h>
| #endif
| #ifdef HAVE_INTTYPES_H
| # include <inttypes.h>
| #endif
| #ifdef HAVE_STDINT_H
| # include <stdint.h>
| #endif
| #ifdef HAVE_UNISTD_H
| # include <unistd.h>
| #endif
| #include <machine/soundcard.h>
configure:12893: result: no
configure:12897: checking machine/soundcard.h presence
configure:12912: /usr/lib/emsdk_portable/emscripten/master/emcc -E  conftest.c
conftest.c:47:10: fatal error: 'machine/soundcard.h' file not found
#include <machine/soundcard.h>
         ^
1 error generated.
configure:12918: $? = 1
configure: failed program was:
| /* confdefs.h.  */
| #define PACKAGE_NAME ""
| #define PACKAGE_TARNAME ""
| #define PACKAGE_VERSION ""
| #define PACKAGE_STRING ""
| #define PACKAGE_BUGREPORT ""
| #define PACKAGE "fluidsynth"
| #define VERSION "1.0.9"
| #define STDC_HEADERS 1
| #define HAVE_SYS_TYPES_H 1
| #define HAVE_SYS_STAT_H 1
| #define HAVE_STDLIB_H 1
| #define HAVE_STRING_H 1
| #define HAVE_MEMORY_H 1
| #define HAVE_STRINGS_H 1
| #define HAVE_INTTYPES_H 1
| #define HAVE_STDINT_H 1
| #define HAVE_UNISTD_H 1
| #define HAVE_DLFCN_H 1
| #define LT_OBJDIR ".libs/"
| #define STDC_HEADERS 1
| #define HAVE_STRING_H 1
| #define HAVE_STDLIB_H 1
| #define HAVE_STDIO_H 1
| #define HAVE_MATH_H 1
| #define HAVE_ERRNO_H 1
| #define HAVE_STDARG_H 1
| #define HAVE_UNISTD_H 1
| #define HAVE_SYS_MMAN_H 1
| #define HAVE_SYS_TYPES_H 1
| #define HAVE_SYS_TIME_H 1
| #define HAVE_SYS_STAT_H 1
| #define HAVE_FCNTL_H 1
| #define HAVE_SYS_SOCKET_H 1
| #define HAVE_NETINET_IN_H 1
| #define HAVE_NETINET_TCP_H 1
| #define HAVE_ARPA_INET_H 1
| #define HAVE_LIMITS_H 1
| #define HAVE_PTHREAD_H 1
| #define HAVE_SIGNAL_H 1
| #define DARWIN 1
| #define WITH_FLOAT 1
| #define DEBUG 0
| #define HAVE_FCNTL_H 1
| #define HAVE_SYS_IOCTL_H 1
| /* end confdefs.h.  */
| #include <machine/soundcard.h>
configure:12932: result: no
configure:12960: checking for machine/soundcard.h
configure:12968: result: no
configure:12992: WARNING:  *** Could not find soundcard.h, disabling OSS driver
configure:13036: checking MidiShare.h usability
configure:13053: /usr/lib/emsdk_portable/emscripten/master/emcc -c  -Wall  -O2 -fomit-frame-pointer -funroll-all-loops -finline-functions -Wall -W -Wpointer-arith -Wbad-function-cast -Wcast-qual -Wcast-align -Wstrict-prototypes -Wno-unused -Winline  conftest.c >&5
clang-3.7: warning: optimization flag '-funroll-all-loops' is not supported
clang-3.7: warning: optimization flag '-finline-functions' is not supported
clang-3.7: warning: argument unused during compilation: '-funroll-all-loops'
clang-3.7: warning: argument unused during compilation: '-finline-functions'
conftest.c:80:10: fatal error: 'MidiShare.h' file not found
#include <MidiShare.h>
         ^
1 error generated.
ERROR    root: [31mcompiler frontend failed to generate LLVM bitcode, halting[0m
configure:13059: $? = 1
configure: failed program was:
| /* confdefs.h.  */
| #define PACKAGE_NAME ""
| #define PACKAGE_TARNAME ""
| #define PACKAGE_VERSION ""
| #define PACKAGE_STRING ""
| #define PACKAGE_BUGREPORT ""
| #define PACKAGE "fluidsynth"
| #define VERSION "1.0.9"
| #define STDC_HEADERS 1
| #define HAVE_SYS_TYPES_H 1
| #define HAVE_SYS_STAT_H 1
| #define HAVE_STDLIB_H 1
| #define HAVE_STRING_H 1
| #define HAVE_MEMORY_H 1
| #define HAVE_STRINGS_H 1
| #define HAVE_INTTYPES_H 1
| #define HAVE_STDINT_H 1
| #define HAVE_UNISTD_H 1
| #define HAVE_DLFCN_H 1
| #define LT_OBJDIR ".libs/"
| #define STDC_HEADERS 1
| #define HAVE_STRING_H 1
| #define HAVE_STDLIB_H 1
| #define HAVE_STDIO_H 1
| #define HAVE_MATH_H 1
| #define HAVE_ERRNO_H 1
| #define HAVE_STDARG_H 1
| #define HAVE_UNISTD_H 1
| #define HAVE_SYS_MMAN_H 1
| #define HAVE_SYS_TYPES_H 1
| #define HAVE_SYS_TIME_H 1
| #define HAVE_SYS_STAT_H 1
| #define HAVE_FCNTL_H 1
| #define HAVE_SYS_SOCKET_H 1
| #define HAVE_NETINET_IN_H 1
| #define HAVE_NETINET_TCP_H 1
| #define HAVE_ARPA_INET_H 1
| #define HAVE_LIMITS_H 1
| #define HAVE_PTHREAD_H 1
| #define HAVE_SIGNAL_H 1
| #define DARWIN 1
| #define WITH_FLOAT 1
| #define DEBUG 0
| #define HAVE_FCNTL_H 1
| #define HAVE_SYS_IOCTL_H 1
| /* end confdefs.h.  */
| #include <stdio.h>
| #ifdef HAVE_SYS_TYPES_H
| # include <sys/types.h>
| #endif
| #ifdef HAVE_SYS_STAT_H
| # include <sys/stat.h>
| #endif
| #ifdef STDC_HEADERS
| # include <stdlib.h>
| # include <stddef.h>
| #else
| # ifdef HAVE_STDLIB_H
| #  include <stdlib.h>
| # endif
| #endif
| #ifdef HAVE_STRING_H
| # if !defined STDC_HEADERS && defined HAVE_MEMORY_H
| #  include <memory.h>
| # endif
| # include <string.h>
| #endif
| #ifdef HAVE_STRINGS_H
| # include <strings.h>
| #endif
| #ifdef HAVE_INTTYPES_H
| # include <inttypes.h>
| #endif
| #ifdef HAVE_STDINT_H
| # include <stdint.h>
| #endif
| #ifdef HAVE_UNISTD_H
| # include <unistd.h>
| #endif
| #include <MidiShare.h>
configure:13073: result: no
configure:13077: checking MidiShare.h presence
configure:13092: /usr/lib/emsdk_portable/emscripten/master/emcc -E  conftest.c
conftest.c:47:10: fatal error: 'MidiShare.h' file not found
#include <MidiShare.h>
         ^
1 error generated.
configure:13098: $? = 1
configure: failed program was:
| /* confdefs.h.  */
| #define PACKAGE_NAME ""
| #define PACKAGE_TARNAME ""
| #define PACKAGE_VERSION ""
| #define PACKAGE_STRING ""
| #define PACKAGE_BUGREPORT ""
| #define PACKAGE "fluidsynth"
| #define VERSION "1.0.9"
| #define STDC_HEADERS 1
| #define HAVE_SYS_TYPES_H 1
| #define HAVE_SYS_STAT_H 1
| #define HAVE_STDLIB_H 1
| #define HAVE_STRING_H 1
| #define HAVE_MEMORY_H 1
| #define HAVE_STRINGS_H 1
| #define HAVE_INTTYPES_H 1
| #define HAVE_STDINT_H 1
| #define HAVE_UNISTD_H 1
| #define HAVE_DLFCN_H 1
| #define LT_OBJDIR ".libs/"
| #define STDC_HEADERS 1
| #define HAVE_STRING_H 1
| #define HAVE_STDLIB_H 1
| #define HAVE_STDIO_H 1
| #define HAVE_MATH_H 1
| #define HAVE_ERRNO_H 1
| #define HAVE_STDARG_H 1
| #define HAVE_UNISTD_H 1
| #define HAVE_SYS_MMAN_H 1
| #define HAVE_SYS_TYPES_H 1
| #define HAVE_SYS_TIME_H 1
| #define HAVE_SYS_STAT_H 1
| #define HAVE_FCNTL_H 1
| #define HAVE_SYS_SOCKET_H 1
| #define HAVE_NETINET_IN_H 1
| #define HAVE_NETINET_TCP_H 1
| #define HAVE_ARPA_INET_H 1
| #define HAVE_LIMITS_H 1
| #define HAVE_PTHREAD_H 1
| #define HAVE_SIGNAL_H 1
| #define DARWIN 1
| #define WITH_FLOAT 1
| #define DEBUG 0
| #define HAVE_FCNTL_H 1
| #define HAVE_SYS_IOCTL_H 1
| /* end confdefs.h.  */
| #include <MidiShare.h>
configure:13112: result: no
configure:13140: checking for MidiShare.h
configure:13148: result: no
configure:13255: WARNING:  *** Could not find MidiShare.h, disabling MidiShare driver
configure:13271: checking for JACK
configure:13279: $PKG_CONFIG --exists --print-errors "jack"
Package jack was not found in the pkg-config search path.
Perhaps you should add the directory containing `jack.pc'
to the PKG_CONFIG_PATH environment variable
No package 'jack' found
configure:13282: $? = 1
configure:13297: $PKG_CONFIG --exists --print-errors "jack"
Package jack was not found in the pkg-config search path.
Perhaps you should add the directory containing `jack.pc'
to the PKG_CONFIG_PATH environment variable
No package 'jack' found
configure:13300: $? = 1
No package 'jack' found
configure:13328: result: no
configure:13373: checking CoreAudio/AudioHardware.h usability
configure:13390: /usr/lib/emsdk_portable/emscripten/master/emcc -c  -Wall  -O2 -fomit-frame-pointer -funroll-all-loops -finline-functions -Wall -W -Wpointer-arith -Wbad-function-cast -Wcast-qual -Wcast-align -Wstrict-prototypes -Wno-unused -Winline  conftest.c >&5
clang-3.7: warning: optimization flag '-funroll-all-loops' is not supported
clang-3.7: warning: optimization flag '-finline-functions' is not supported
clang-3.7: warning: argument unused during compilation: '-funroll-all-loops'
clang-3.7: warning: argument unused during compilation: '-finline-functions'
conftest.c:80:10: fatal error: 'CoreAudio/AudioHardware.h' file not found
#include <CoreAudio/AudioHardware.h>
         ^
1 error generated.
ERROR    root: [31mcompiler frontend failed to generate LLVM bitcode, halting[0m
configure:13396: $? = 1
configure: failed program was:
| /* confdefs.h.  */
| #define PACKAGE_NAME ""
| #define PACKAGE_TARNAME ""
| #define PACKAGE_VERSION ""
| #define PACKAGE_STRING ""
| #define PACKAGE_BUGREPORT ""
| #define PACKAGE "fluidsynth"
| #define VERSION "1.0.9"
| #define STDC_HEADERS 1
| #define HAVE_SYS_TYPES_H 1
| #define HAVE_SYS_STAT_H 1
| #define HAVE_STDLIB_H 1
| #define HAVE_STRING_H 1
| #define HAVE_MEMORY_H 1
| #define HAVE_STRINGS_H 1
| #define HAVE_INTTYPES_H 1
| #define HAVE_STDINT_H 1
| #define HAVE_UNISTD_H 1
| #define HAVE_DLFCN_H 1
| #define LT_OBJDIR ".libs/"
| #define STDC_HEADERS 1
| #define HAVE_STRING_H 1
| #define HAVE_STDLIB_H 1
| #define HAVE_STDIO_H 1
| #define HAVE_MATH_H 1
| #define HAVE_ERRNO_H 1
| #define HAVE_STDARG_H 1
| #define HAVE_UNISTD_H 1
| #define HAVE_SYS_MMAN_H 1
| #define HAVE_SYS_TYPES_H 1
| #define HAVE_SYS_TIME_H 1
| #define HAVE_SYS_STAT_H 1
| #define HAVE_FCNTL_H 1
| #define HAVE_SYS_SOCKET_H 1
| #define HAVE_NETINET_IN_H 1
| #define HAVE_NETINET_TCP_H 1
| #define HAVE_ARPA_INET_H 1
| #define HAVE_LIMITS_H 1
| #define HAVE_PTHREAD_H 1
| #define HAVE_SIGNAL_H 1
| #define DARWIN 1
| #define WITH_FLOAT 1
| #define DEBUG 0
| #define HAVE_FCNTL_H 1
| #define HAVE_SYS_IOCTL_H 1
| /* end confdefs.h.  */
| #include <stdio.h>
| #ifdef HAVE_SYS_TYPES_H
| # include <sys/types.h>
| #endif
| #ifdef HAVE_SYS_STAT_H
| # include <sys/stat.h>
| #endif
| #ifdef STDC_HEADERS
| # include <stdlib.h>
| # include <stddef.h>
| #else
| # ifdef HAVE_STDLIB_H
| #  include <stdlib.h>
| # endif
| #endif
| #ifdef HAVE_STRING_H
| # if !defined STDC_HEADERS && defined HAVE_MEMORY_H
| #  include <memory.h>
| # endif
| # include <string.h>
| #endif
| #ifdef HAVE_STRINGS_H
| # include <strings.h>
| #endif
| #ifdef HAVE_INTTYPES_H
| # include <inttypes.h>
| #endif
| #ifdef HAVE_STDINT_H
| # include <stdint.h>
| #endif
| #ifdef HAVE_UNISTD_H
| # include <unistd.h>
| #endif
| #include <CoreAudio/AudioHardware.h>
configure:13410: result: no
configure:13414: checking CoreAudio/AudioHardware.h presence
configure:13429: /usr/lib/emsdk_portable/emscripten/master/emcc -E  conftest.c
conftest.c:47:10: fatal error: 'CoreAudio/AudioHardware.h' file not found
#include <CoreAudio/AudioHardware.h>
         ^
1 error generated.
configure:13435: $? = 1
configure: failed program was:
| /* confdefs.h.  */
| #define PACKAGE_NAME ""
| #define PACKAGE_TARNAME ""
| #define PACKAGE_VERSION ""
| #define PACKAGE_STRING ""
| #define PACKAGE_BUGREPORT ""
| #define PACKAGE "fluidsynth"
| #define VERSION "1.0.9"
| #define STDC_HEADERS 1
| #define HAVE_SYS_TYPES_H 1
| #define HAVE_SYS_STAT_H 1
| #define HAVE_STDLIB_H 1
| #define HAVE_STRING_H 1
| #define HAVE_MEMORY_H 1
| #define HAVE_STRINGS_H 1
| #define HAVE_INTTYPES_H 1
| #define HAVE_STDINT_H 1
| #define HAVE_UNISTD_H 1
| #define HAVE_DLFCN_H 1
| #define LT_OBJDIR ".libs/"
| #define STDC_HEADERS 1
| #define HAVE_STRING_H 1
| #define HAVE_STDLIB_H 1
| #define HAVE_STDIO_H 1
| #define HAVE_MATH_H 1
| #define HAVE_ERRNO_H 1
| #define HAVE_STDARG_H 1
| #define HAVE_UNISTD_H 1
| #define HAVE_SYS_MMAN_H 1
| #define HAVE_SYS_TYPES_H 1
| #define HAVE_SYS_TIME_H 1
| #define HAVE_SYS_STAT_H 1
| #define HAVE_FCNTL_H 1
| #define HAVE_SYS_SOCKET_H 1
| #define HAVE_NETINET_IN_H 1
| #define HAVE_NETINET_TCP_H 1
| #define HAVE_ARPA_INET_H 1
| #define HAVE_LIMITS_H 1
| #define HAVE_PTHREAD_H 1
| #define HAVE_SIGNAL_H 1
| #define DARWIN 1
| #define WITH_FLOAT 1
| #define DEBUG 0
| #define HAVE_FCNTL_H 1
| #define HAVE_SYS_IOCTL_H 1
| /* end confdefs.h.  */
| #include <CoreAudio/AudioHardware.h>
configure:13449: result: no
configure:13477: checking for CoreAudio/AudioHardware.h
configure:13484: result: no
configure:13534: checking CoreMIDI/MIDIServices.h usability
configure:13551: /usr/lib/emsdk_portable/emscripten/master/emcc -c  -Wall  -O2 -fomit-frame-pointer -funroll-all-loops -finline-functions -Wall -W -Wpointer-arith -Wbad-function-cast -Wcast-qual -Wcast-align -Wstrict-prototypes -Wno-unused -Winline  conftest.c >&5
clang-3.7: warning: optimization flag '-funroll-all-loops' is not supported
clang-3.7: warning: optimization flag '-finline-functions' is not supported
clang-3.7: warning: argument unused during compilation: '-funroll-all-loops'
clang-3.7: warning: argument unused during compilation: '-finline-functions'
conftest.c:80:10: fatal error: 'CoreMIDI/MIDIServices.h' file not found
#include <CoreMIDI/MIDIServices.h>
         ^
1 error generated.
ERROR    root: [31mcompiler frontend failed to generate LLVM bitcode, halting[0m
configure:13557: $? = 1
configure: failed program was:
| /* confdefs.h.  */
| #define PACKAGE_NAME ""
| #define PACKAGE_TARNAME ""
| #define PACKAGE_VERSION ""
| #define PACKAGE_STRING ""
| #define PACKAGE_BUGREPORT ""
| #define PACKAGE "fluidsynth"
| #define VERSION "1.0.9"
| #define STDC_HEADERS 1
| #define HAVE_SYS_TYPES_H 1
| #define HAVE_SYS_STAT_H 1
| #define HAVE_STDLIB_H 1
| #define HAVE_STRING_H 1
| #define HAVE_MEMORY_H 1
| #define HAVE_STRINGS_H 1
| #define HAVE_INTTYPES_H 1
| #define HAVE_STDINT_H 1
| #define HAVE_UNISTD_H 1
| #define HAVE_DLFCN_H 1
| #define LT_OBJDIR ".libs/"
| #define STDC_HEADERS 1
| #define HAVE_STRING_H 1
| #define HAVE_STDLIB_H 1
| #define HAVE_STDIO_H 1
| #define HAVE_MATH_H 1
| #define HAVE_ERRNO_H 1
| #define HAVE_STDARG_H 1
| #define HAVE_UNISTD_H 1
| #define HAVE_SYS_MMAN_H 1
| #define HAVE_SYS_TYPES_H 1
| #define HAVE_SYS_TIME_H 1
| #define HAVE_SYS_STAT_H 1
| #define HAVE_FCNTL_H 1
| #define HAVE_SYS_SOCKET_H 1
| #define HAVE_NETINET_IN_H 1
| #define HAVE_NETINET_TCP_H 1
| #define HAVE_ARPA_INET_H 1
| #define HAVE_LIMITS_H 1
| #define HAVE_PTHREAD_H 1
| #define HAVE_SIGNAL_H 1
| #define DARWIN 1
| #define WITH_FLOAT 1
| #define DEBUG 0
| #define HAVE_FCNTL_H 1
| #define HAVE_SYS_IOCTL_H 1
| /* end confdefs.h.  */
| #include <stdio.h>
| #ifdef HAVE_SYS_TYPES_H
| # include <sys/types.h>
| #endif
| #ifdef HAVE_SYS_STAT_H
| # include <sys/stat.h>
| #endif
| #ifdef STDC_HEADERS
| # include <stdlib.h>
| # include <stddef.h>
| #else
| # ifdef HAVE_STDLIB_H
| #  include <stdlib.h>
| # endif
| #endif
| #ifdef HAVE_STRING_H
| # if !defined STDC_HEADERS && defined HAVE_MEMORY_H
| #  include <memory.h>
| # endif
| # include <string.h>
| #endif
| #ifdef HAVE_STRINGS_H
| # include <strings.h>
| #endif
| #ifdef HAVE_INTTYPES_H
| # include <inttypes.h>
| #endif
| #ifdef HAVE_STDINT_H
| # include <stdint.h>
| #endif
| #ifdef HAVE_UNISTD_H
| # include <unistd.h>
| #endif
| #include <CoreMIDI/MIDIServices.h>
configure:13571: result: no
configure:13575: checking CoreMIDI/MIDIServices.h presence
configure:13590: /usr/lib/emsdk_portable/emscripten/master/emcc -E  conftest.c
conftest.c:47:10: fatal error: 'CoreMIDI/MIDIServices.h' file not found
#include <CoreMIDI/MIDIServices.h>
         ^
1 error generated.
configure:13596: $? = 1
configure: failed program was:
| /* confdefs.h.  */
| #define PACKAGE_NAME ""
| #define PACKAGE_TARNAME ""
| #define PACKAGE_VERSION ""
| #define PACKAGE_STRING ""
| #define PACKAGE_BUGREPORT ""
| #define PACKAGE "fluidsynth"
| #define VERSION "1.0.9"
| #define STDC_HEADERS 1
| #define HAVE_SYS_TYPES_H 1
| #define HAVE_SYS_STAT_H 1
| #define HAVE_STDLIB_H 1
| #define HAVE_STRING_H 1
| #define HAVE_MEMORY_H 1
| #define HAVE_STRINGS_H 1
| #define HAVE_INTTYPES_H 1
| #define HAVE_STDINT_H 1
| #define HAVE_UNISTD_H 1
| #define HAVE_DLFCN_H 1
| #define LT_OBJDIR ".libs/"
| #define STDC_HEADERS 1
| #define HAVE_STRING_H 1
| #define HAVE_STDLIB_H 1
| #define HAVE_STDIO_H 1
| #define HAVE_MATH_H 1
| #define HAVE_ERRNO_H 1
| #define HAVE_STDARG_H 1
| #define HAVE_UNISTD_H 1
| #define HAVE_SYS_MMAN_H 1
| #define HAVE_SYS_TYPES_H 1
| #define HAVE_SYS_TIME_H 1
| #define HAVE_SYS_STAT_H 1
| #define HAVE_FCNTL_H 1
| #define HAVE_SYS_SOCKET_H 1
| #define HAVE_NETINET_IN_H 1
| #define HAVE_NETINET_TCP_H 1
| #define HAVE_ARPA_INET_H 1
| #define HAVE_LIMITS_H 1
| #define HAVE_PTHREAD_H 1
| #define HAVE_SIGNAL_H 1
| #define DARWIN 1
| #define WITH_FLOAT 1
| #define DEBUG 0
| #define HAVE_FCNTL_H 1
| #define HAVE_SYS_IOCTL_H 1
| /* end confdefs.h.  */
| #include <CoreMIDI/MIDIServices.h>
configure:13610: result: no
configure:13638: checking for CoreMIDI/MIDIServices.h
configure:13645: result: no
configure:13694: checking os2me.h usability
configure:13711: /usr/lib/emsdk_portable/emscripten/master/emcc -c  -Wall  -O2 -fomit-frame-pointer -funroll-all-loops -finline-functions -Wall -W -Wpointer-arith -Wbad-function-cast -Wcast-qual -Wcast-align -Wstrict-prototypes -Wno-unused -Winline  conftest.c >&5
clang-3.7: warning: optimization flag '-funroll-all-loops' is not supported
clang-3.7: warning: optimization flag '-finline-functions' is not supported
clang-3.7: warning: argument unused during compilation: '-funroll-all-loops'
clang-3.7: warning: argument unused during compilation: '-finline-functions'
conftest.c:80:10: fatal error: 'os2me.h' file not found
#include <os2me.h>
         ^
1 error generated.
ERROR    root: [31mcompiler frontend failed to generate LLVM bitcode, halting[0m
configure:13717: $? = 1
configure: failed program was:
| /* confdefs.h.  */
| #define PACKAGE_NAME ""
| #define PACKAGE_TARNAME ""
| #define PACKAGE_VERSION ""
| #define PACKAGE_STRING ""
| #define PACKAGE_BUGREPORT ""
| #define PACKAGE "fluidsynth"
| #define VERSION "1.0.9"
| #define STDC_HEADERS 1
| #define HAVE_SYS_TYPES_H 1
| #define HAVE_SYS_STAT_H 1
| #define HAVE_STDLIB_H 1
| #define HAVE_STRING_H 1
| #define HAVE_MEMORY_H 1
| #define HAVE_STRINGS_H 1
| #define HAVE_INTTYPES_H 1
| #define HAVE_STDINT_H 1
| #define HAVE_UNISTD_H 1
| #define HAVE_DLFCN_H 1
| #define LT_OBJDIR ".libs/"
| #define STDC_HEADERS 1
| #define HAVE_STRING_H 1
| #define HAVE_STDLIB_H 1
| #define HAVE_STDIO_H 1
| #define HAVE_MATH_H 1
| #define HAVE_ERRNO_H 1
| #define HAVE_STDARG_H 1
| #define HAVE_UNISTD_H 1
| #define HAVE_SYS_MMAN_H 1
| #define HAVE_SYS_TYPES_H 1
| #define HAVE_SYS_TIME_H 1
| #define HAVE_SYS_STAT_H 1
| #define HAVE_FCNTL_H 1
| #define HAVE_SYS_SOCKET_H 1
| #define HAVE_NETINET_IN_H 1
| #define HAVE_NETINET_TCP_H 1
| #define HAVE_ARPA_INET_H 1
| #define HAVE_LIMITS_H 1
| #define HAVE_PTHREAD_H 1
| #define HAVE_SIGNAL_H 1
| #define DARWIN 1
| #define WITH_FLOAT 1
| #define DEBUG 0
| #define HAVE_FCNTL_H 1
| #define HAVE_SYS_IOCTL_H 1
| /* end confdefs.h.  */
| #include <stdio.h>
| #ifdef HAVE_SYS_TYPES_H
| # include <sys/types.h>
| #endif
| #ifdef HAVE_SYS_STAT_H
| # include <sys/stat.h>
| #endif
| #ifdef STDC_HEADERS
| # include <stdlib.h>
| # include <stddef.h>
| #else
| # ifdef HAVE_STDLIB_H
| #  include <stdlib.h>
| # endif
| #endif
| #ifdef HAVE_STRING_H
| # if !defined STDC_HEADERS && defined HAVE_MEMORY_H
| #  include <memory.h>
| # endif
| # include <string.h>
| #endif
| #ifdef HAVE_STRINGS_H
| # include <strings.h>
| #endif
| #ifdef HAVE_INTTYPES_H
| # include <inttypes.h>
| #endif
| #ifdef HAVE_STDINT_H
| # include <stdint.h>
| #endif
| #ifdef HAVE_UNISTD_H
| # include <unistd.h>
| #endif
| #include <os2me.h>
configure:13731: result: no
configure:13735: checking os2me.h presence
configure:13750: /usr/lib/emsdk_portable/emscripten/master/emcc -E  conftest.c
conftest.c:47:10: fatal error: 'os2me.h' file not found
#include <os2me.h>
         ^
1 error generated.
configure:13756: $? = 1
configure: failed program was:
| /* confdefs.h.  */
| #define PACKAGE_NAME ""
| #define PACKAGE_TARNAME ""
| #define PACKAGE_VERSION ""
| #define PACKAGE_STRING ""
| #define PACKAGE_BUGREPORT ""
| #define PACKAGE "fluidsynth"
| #define VERSION "1.0.9"
| #define STDC_HEADERS 1
| #define HAVE_SYS_TYPES_H 1
| #define HAVE_SYS_STAT_H 1
| #define HAVE_STDLIB_H 1
| #define HAVE_STRING_H 1
| #define HAVE_MEMORY_H 1
| #define HAVE_STRINGS_H 1
| #define HAVE_INTTYPES_H 1
| #define HAVE_STDINT_H 1
| #define HAVE_UNISTD_H 1
| #define HAVE_DLFCN_H 1
| #define LT_OBJDIR ".libs/"
| #define STDC_HEADERS 1
| #define HAVE_STRING_H 1
| #define HAVE_STDLIB_H 1
| #define HAVE_STDIO_H 1
| #define HAVE_MATH_H 1
| #define HAVE_ERRNO_H 1
| #define HAVE_STDARG_H 1
| #define HAVE_UNISTD_H 1
| #define HAVE_SYS_MMAN_H 1
| #define HAVE_SYS_TYPES_H 1
| #define HAVE_SYS_TIME_H 1
| #define HAVE_SYS_STAT_H 1
| #define HAVE_FCNTL_H 1
| #define HAVE_SYS_SOCKET_H 1
| #define HAVE_NETINET_IN_H 1
| #define HAVE_NETINET_TCP_H 1
| #define HAVE_ARPA_INET_H 1
| #define HAVE_LIMITS_H 1
| #define HAVE_PTHREAD_H 1
| #define HAVE_SIGNAL_H 1
| #define DARWIN 1
| #define WITH_FLOAT 1
| #define DEBUG 0
| #define HAVE_FCNTL_H 1
| #define HAVE_SYS_IOCTL_H 1
| /* end confdefs.h.  */
| #include <os2me.h>
configure:13770: result: no
configure:13798: checking for os2me.h
configure:13805: result: no
configure:13868: checking for readline
configure:13913: /usr/lib/emsdk_portable/emscripten/master/emcc -c   -Wall  -O2 -fomit-frame-pointer -funroll-all-loops -finline-functions -Wall -W -Wpointer-arith -Wbad-function-cast -Wcast-qual -Wcast-align -Wstrict-prototypes -Wno-unused -Winline  conftest.c >&5
clang-3.7: warning: optimization flag '-funroll-all-loops' is not supported
clang-3.7: warning: optimization flag '-finline-functions' is not supported
clang-3.7: warning: argument unused during compilation: '-funroll-all-loops'
clang-3.7: warning: argument unused during compilation: '-finline-functions'
conftest.c:49:10: fatal error: 'readline/readline.h' file not found
#include <readline/readline.h>
         ^
1 error generated.
ERROR    root: [31mcompiler frontend failed to generate LLVM bitcode, halting[0m
configure:13919: $? = 1
configure: failed program was:
| /* confdefs.h.  */
| #define PACKAGE_NAME ""
| #define PACKAGE_TARNAME ""
| #define PACKAGE_VERSION ""
| #define PACKAGE_STRING ""
| #define PACKAGE_BUGREPORT ""
| #define PACKAGE "fluidsynth"
| #define VERSION "1.0.9"
| #define STDC_HEADERS 1
| #define HAVE_SYS_TYPES_H 1
| #define HAVE_SYS_STAT_H 1
| #define HAVE_STDLIB_H 1
| #define HAVE_STRING_H 1
| #define HAVE_MEMORY_H 1
| #define HAVE_STRINGS_H 1
| #define HAVE_INTTYPES_H 1
| #define HAVE_STDINT_H 1
| #define HAVE_UNISTD_H 1
| #define HAVE_DLFCN_H 1
| #define LT_OBJDIR ".libs/"
| #define STDC_HEADERS 1
| #define HAVE_STRING_H 1
| #define HAVE_STDLIB_H 1
| #define HAVE_STDIO_H 1
| #define HAVE_MATH_H 1
| #define HAVE_ERRNO_H 1
| #define HAVE_STDARG_H 1
| #define HAVE_UNISTD_H 1
| #define HAVE_SYS_MMAN_H 1
| #define HAVE_SYS_TYPES_H 1
| #define HAVE_SYS_TIME_H 1
| #define HAVE_SYS_STAT_H 1
| #define HAVE_FCNTL_H 1
| #define HAVE_SYS_SOCKET_H 1
| #define HAVE_NETINET_IN_H 1
| #define HAVE_NETINET_TCP_H 1
| #define HAVE_ARPA_INET_H 1
| #define HAVE_LIMITS_H 1
| #define HAVE_PTHREAD_H 1
| #define HAVE_SIGNAL_H 1
| #define DARWIN 1
| #define WITH_FLOAT 1
| #define DEBUG 0
| #define HAVE_FCNTL_H 1
| #define HAVE_SYS_IOCTL_H 1
| /* end confdefs.h.  */
| 
| #include <stdio.h>
| #include <readline/readline.h>
| 
| int
| main ()
| {
| 
| #ifndef readline
|    return (1);
| #else
|    return (0);
| #endif
| 
|   ;
|   return 0;
| }
configure:13930: result: not present.
configure:14050: checking for LASH
configure:14058: $PKG_CONFIG --exists --print-errors "lash-1.0 >= 0.3"
Package lash-1.0 was not found in the pkg-config search path.
Perhaps you should add the directory containing `lash-1.0.pc'
to the PKG_CONFIG_PATH environment variable
No package 'lash-1.0' found
configure:14061: $? = 1
configure:14076: $PKG_CONFIG --exists --print-errors "lash-1.0 >= 0.3"
Package lash-1.0 was not found in the pkg-config search path.
Perhaps you should add the directory containing `lash-1.0.pc'
to the PKG_CONFIG_PATH environment variable
No package 'lash-1.0' found
configure:14079: $? = 1
No package 'lash-1.0' found
configure:14107: result: no
configure:14152: checking for LADCCA
configure:14160: $PKG_CONFIG --exists --print-errors "ladcca-1.0 >= 0.3"
Package ladcca-1.0 was not found in the pkg-config search path.
Perhaps you should add the directory containing `ladcca-1.0.pc'
to the PKG_CONFIG_PATH environment variable
No package 'ladcca-1.0' found
configure:14163: $? = 1
configure:14178: $PKG_CONFIG --exists --print-errors "ladcca-1.0 >= 0.3"
Package ladcca-1.0 was not found in the pkg-config search path.
Perhaps you should add the directory containing `ladcca-1.0.pc'
to the PKG_CONFIG_PATH environment variable
No package 'ladcca-1.0' found
configure:14181: $? = 1
No package 'ladcca-1.0' found
configure:14209: result: no
configure:14438: creating ./config.status

## ---------------------- ##
## Running config.status. ##
## ---------------------- ##

This file was extended by config.status, which was
generated by GNU Autoconf 2.61.  Invocation command line was

  CONFIG_FILES    = 
  CONFIG_HEADERS  = 
  CONFIG_LINKS    = 
  CONFIG_COMMANDS = 
  $ ./config.status 

on Joshuas-MacBook-Air-4.local

config.status:913: creating Makefile
config.status:913: creating macbuild/Makefile
config.status:913: creating sf2/Makefile
config.status:913: creating winbuild/Makefile
config.status:913: creating winbuild/fluidsynth/Makefile
config.status:913: creating winbuild/fluidsynth_dll/Makefile
config.status:913: creating winbuild/fluidsynth_lib/Makefile
config.status:913: creating src/Makefile
config.status:913: creating src/config_win32.h
config.status:913: creating doc/Makefile
config.status:913: creating include/Makefile
config.status:913: creating include/fluidsynth/Makefile
config.status:913: creating include/fluidsynth/version.h
config.status:913: creating fluidsynth.pc
config.status:913: creating fluidsynth.spec
config.status:913: creating src/config.h
config.status:1213: executing depfiles commands
config.status:1213: executing libtool commands

## ---------------- ##
## Cache variables. ##
## ---------------- ##

ac_cv_build=i386-apple-darwin14.5.0
ac_cv_c_bigendian=no
ac_cv_c_compiler_gnu=yes
ac_cv_c_inline=inline
ac_cv_env_ALSA_CFLAGS_set=
ac_cv_env_ALSA_CFLAGS_value=
ac_cv_env_ALSA_LIBS_set=
ac_cv_env_ALSA_LIBS_value=
ac_cv_env_CC_set=set
ac_cv_env_CC_value=/usr/lib/emsdk_portable/emscripten/master/emcc
ac_cv_env_CFLAGS_set=set
ac_cv_env_CFLAGS_value=
ac_cv_env_CPPFLAGS_set=
ac_cv_env_CPPFLAGS_value=
ac_cv_env_CPP_set=
ac_cv_env_CPP_value=
ac_cv_env_JACK_CFLAGS_set=
ac_cv_env_JACK_CFLAGS_value=
ac_cv_env_JACK_LIBS_set=
ac_cv_env_JACK_LIBS_value=
ac_cv_env_LADCCA_CFLAGS_set=
ac_cv_env_LADCCA_CFLAGS_value=
ac_cv_env_LADCCA_LIBS_set=
ac_cv_env_LADCCA_LIBS_value=
ac_cv_env_LASH_CFLAGS_set=
ac_cv_env_LASH_CFLAGS_value=
ac_cv_env_LASH_LIBS_set=
ac_cv_env_LASH_LIBS_value=
ac_cv_env_LDFLAGS_set=
ac_cv_env_LDFLAGS_value=
ac_cv_env_LIBS_set=
ac_cv_env_LIBS_value=
ac_cv_env_PKG_CONFIG_set=
ac_cv_env_PKG_CONFIG_value=
ac_cv_env_PORTAUDIO_CFLAGS_set=
ac_cv_env_PORTAUDIO_CFLAGS_value=
ac_cv_env_PORTAUDIO_LIBS_set=
ac_cv_env_PORTAUDIO_LIBS_value=
ac_cv_env_PULSE_CFLAGS_set=
ac_cv_env_PULSE_CFLAGS_value=
ac_cv_env_PULSE_LIBS_set=
ac_cv_env_PULSE_LIBS_value=
ac_cv_env_build_alias_set=
ac_cv_env_build_alias_value=
ac_cv_env_host_alias_set=
ac_cv_env_host_alias_value=
ac_cv_env_target_alias_set=
ac_cv_env_target_alias_value=
ac_cv_header_CoreAudio_AudioHardware_h=no
ac_cv_header_CoreMIDI_MIDIServices_h=no
ac_cv_header_MidiShare_h=no
ac_cv_header_arpa_inet_h=yes
ac_cv_header_dlfcn_h=yes
ac_cv_header_errno_h=yes
ac_cv_header_fcntl_h=yes
ac_cv_header_inttypes_h=yes
ac_cv_header_limits_h=yes
ac_cv_header_machine_soundcard_h=no
ac_cv_header_math_h=yes
ac_cv_header_memory_h=yes
ac_cv_header_netinet_in_h=yes
ac_cv_header_netinet_tcp_h=yes
ac_cv_header_os2me_h=no
ac_cv_header_pthread_h=yes
ac_cv_header_signal_h=yes
ac_cv_header_stdarg_h=yes
ac_cv_header_stdc=yes
ac_cv_header_stdint_h=yes
ac_cv_header_stdio_h=yes
ac_cv_header_stdlib_h=yes
ac_cv_header_string_h=yes
ac_cv_header_strings_h=yes
ac_cv_header_sys_ioctl_h=yes
ac_cv_header_sys_mman_h=yes
ac_cv_header_sys_socket_h=yes
ac_cv_header_sys_soundcard_h=no
ac_cv_header_sys_stat_h=yes
ac_cv_header_sys_time_h=yes
ac_cv_header_sys_types_h=yes
ac_cv_header_unistd_h=yes
ac_cv_header_windows_h=no
ac_cv_host=i386-apple-darwin14.5.0
ac_cv_lib_pthread_pthread_create=no
ac_cv_objext=o
ac_cv_path_EGREP='/usr/bin/grep -E'
ac_cv_path_FGREP='/usr/bin/grep -F'
ac_cv_path_GREP=/usr/bin/grep
ac_cv_path_SED=/usr/bin/sed
ac_cv_path_ac_pt_PKG_CONFIG=/usr/local/bin/pkg-config
ac_cv_path_install='/usr/local/bin/ginstall -c'
ac_cv_path_mkdir=/usr/local/bin/gmkdir
ac_cv_prog_AWK=awk
ac_cv_prog_CPP='/usr/lib/emsdk_portable/emscripten/master/emcc -E'
ac_cv_prog_ac_ct_AR=/usr/lib/emsdk_portable/emscripten/master/emar
ac_cv_prog_ac_ct_CC=/usr/lib/emsdk_portable/emscripten/master/emcc
ac_cv_prog_ac_ct_DSYMUTIL=dsymutil
ac_cv_prog_ac_ct_LIPO=lipo
ac_cv_prog_ac_ct_NMEDIT=nmedit
ac_cv_prog_ac_ct_OTOOL=otool
ac_cv_prog_ac_ct_RANLIB=/usr/lib/emsdk_portable/emscripten/master/emranlib
ac_cv_prog_ac_ct_STRIP=strip
ac_cv_prog_cc__usr_lib_emsdk_portable_emscripten_master_emcc_c_o=yes
ac_cv_prog_cc_c89=
ac_cv_prog_cc_g=yes
ac_cv_prog_make_make_set=yes
am_cv_CC_dependencies_compiler_type=gcc3
lt_cv_apple_cc_single_mod=no
lt_cv_deplibs_check_method=pass_all
lt_cv_file_magic_cmd='$MAGIC_CMD'
lt_cv_file_magic_test_file=
lt_cv_ld_exported_symbols_list=yes
lt_cv_ld_reload_flag=-r
lt_cv_nm_interface='BSD nm'
lt_cv_objdir=.libs
lt_cv_path_LD=/usr/lib/emsdk_portable/emscripten/master/emcc
lt_cv_path_NM=/usr/bin/nm
lt_cv_prog_compiler_c_o=yes
lt_cv_prog_compiler_pic_works=yes
lt_cv_prog_compiler_rtti_exceptions=yes
lt_cv_prog_compiler_static_works=yes
lt_cv_prog_gnu_ld=yes
lt_cv_sys_global_symbol_pipe=
lt_cv_sys_global_symbol_to_c_name_address='sed -n -e '\''s/^: \([^ ]*\) $/  {\"\1\", (void *) 0},/p'\'' -e '\''s/^[BCDEGRST]* \([^ ]*\) \([^ ]*\)$/  {"\2", (void *) \&\2},/p'\'''
lt_cv_sys_global_symbol_to_c_name_address_lib_prefix='sed -n -e '\''s/^: \([^ ]*\) $/  {\"\1\", (void *) 0},/p'\'' -e '\''s/^[BCDEGRST]* \([^ ]*\) \(lib[^ ]*\)$/  {"\2", (void *) \&\2},/p'\'' -e '\''s/^[BCDEGRST]* \([^ ]*\) \([^ ]*\)$/  {"lib\2", (void *) \&\2},/p'\'''
lt_cv_sys_global_symbol_to_cdecl=
lt_cv_sys_max_cmd_len=196608

## ----------------- ##
## Output variables. ##
## ----------------- ##

ACLOCAL='${SHELL} /Users/joshua/dev/wip/synth/fluidsynth-1.0.9/missing --run aclocal-1.10'
ALSA_CFLAGS=''
ALSA_LIBS=''
ALSA_SUPPORT_FALSE=''
ALSA_SUPPORT_TRUE='#'
AMDEPBACKSLASH='\'
AMDEP_FALSE='#'
AMDEP_TRUE=''
AMTAR='${SHELL} /Users/joshua/dev/wip/synth/fluidsynth-1.0.9/missing --run tar'
AR='/usr/lib/emsdk_portable/emscripten/master/emar'
AS='as'
AUTOCONF='${SHELL} /Users/joshua/dev/wip/synth/fluidsynth-1.0.9/missing --run autoconf'
AUTOHEADER='${SHELL} /Users/joshua/dev/wip/synth/fluidsynth-1.0.9/missing --run autoheader'
AUTOMAKE='${SHELL} /Users/joshua/dev/wip/synth/fluidsynth-1.0.9/missing --run automake-1.10'
AWK='awk'
CC='/usr/lib/emsdk_portable/emscripten/master/emcc'
CCDEPMODE='depmode=gcc3'
CFLAGS=' -Wall  -O2 -fomit-frame-pointer -funroll-all-loops -finline-functions -Wall -W -Wpointer-arith -Wbad-function-cast -Wcast-qual -Wcast-align -Wstrict-prototypes -Wno-unused -Winline'
COREAUDIO_LIBS=''
COREAUDIO_SUPPORT_FALSE=''
COREAUDIO_SUPPORT_TRUE='#'
COREMIDI_LIBS=''
COREMIDI_SUPPORT_FALSE=''
COREMIDI_SUPPORT_TRUE='#'
CPP='/usr/lib/emsdk_portable/emscripten/master/emcc -E'
CPPFLAGS=''
CYGPATH_W='echo'
DART_CFLAGS=''
DART_LIBS=''
DART_SUPPORT_FALSE=''
DART_SUPPORT_TRUE='#'
DEFS='-DHAVE_CONFIG_H'
DEPDIR='.deps'
DLLTOOL='dlltool'
DSYMUTIL='dsymutil'
DUMPBIN=''
ECHO_C='ECHO_N=''
ECHO_T=''
EGREP='/usr/bin/grep -E'
EXEEXT=''
FGREP='/usr/bin/grep -F'
FLUIDSYNTH_VERSION='"1.0.9"'
FLUIDSYNTH_VERSION_MAJOR='1'
FLUIDSYNTH_VERSION_MICRO='9'
FLUIDSYNTH_VERSION_MINOR='0'
FLUID_CPPFLAGS=''
GREP='/usr/bin/grep'
INSTALL_DATA='${INSTALL} -m 644'
INSTALL_PROGRAM='${INSTALL}'
INSTALL_SCRIPT='${INSTALL}'
INSTALL_STRIP_PROGRAM='$(install_sh) -c -s'
JACK_CFLAGS=''
JACK_LIBS=''
JACK_SUPPORT_FALSE=''
JACK_SUPPORT_TRUE='#'
LADCCA_CFLAGS=''
LADCCA_LIBS=''
LADCCA_SUPPORT_FALSE=''
LADCCA_SUPPORT_TRUE='#'
LASH_CFLAGS=''
LASH_LIBS=''
LASH_SUPPORT_FALSE=''
LASH_SUPPORT_TRUE='#'
LD='/usr/lib/emsdk_portable/emscripten/master/emcc'
LDFLAGS=''
LIBFLUID_CPPFLAGS=''
LIBFLUID_LDFLAGS=''
LIBFLUID_LIBS='-lm'
LIBOBJS=''
LIBS=''
LIBTOOL='$(SHELL) $(top_builddir)/libtool'
LIPO='lipo'
LN_S='ln -s'
LTLIBOBJS=''
LT_VERSION_INFO='2:3:1'
MAKEINFO='${SHELL} /Users/joshua/dev/wip/synth/fluidsynth-1.0.9/missing --run makeinfo'
MINGW32_SUPPORT_FALSE=''
MINGW32_SUPPORT_TRUE='#'
NM='/usr/bin/nm'
NMEDIT='nmedit'
OBJDUMP='objdump'
OBJEXT='o'
OSS_SUPPORT_FALSE=''
OSS_SUPPORT_TRUE='#'
OTOOL64=':'
OTOOL='otool'
PACKAGE='fluidsynth'
PACKAGE_BUGREPORT=''
PACKAGE_NAME=''
PACKAGE_STRING=''
PACKAGE_TARNAME=''
PACKAGE_VERSION=''
PATH_SEPARATOR=':'
PKG_CONFIG='/usr/local/bin/pkg-config'
PORTAUDIO_CFLAGS=''
PORTAUDIO_LIBS=''
PORTAUDIO_SUPPORT_FALSE=''
PORTAUDIO_SUPPORT_TRUE='#'
PULSE_CFLAGS=''
PULSE_LIBS=''
PULSE_SUPPORT_FALSE=''
PULSE_SUPPORT_TRUE='#'
RANLIB='/usr/lib/emsdk_portable/emscripten/master/emranlib'
READLINE_CFLAGS=''
READLINE_LIBS=''
SED='/usr/bin/sed'
SET_MAKE=''
SHELL='/bin/sh'
STRIP='strip'
VERSION='1.0.9'
ac_ct_CC='/usr/lib/emsdk_portable/emscripten/master/emcc'
ac_ct_DUMPBIN=''
am__fastdepCC_FALSE='#'
am__fastdepCC_TRUE=''
am__include='include'
am__isrc=''
am__leading_dot='.'
am__quote=''
am__tar='${AMTAR} chof - "$$tardir"'
am__untar='${AMTAR} xf -'
bindir='${exec_prefix}/bin'
build='i386-apple-darwin14.5.0'
build_alias=''
build_cpu='i386'
build_os='darwin14.5.0'
build_vendor='apple'
datadir='${datarootdir}'
datarootdir='${prefix}/share'
docdir='${datarootdir}/doc/${PACKAGE}'
dvidir='${docdir}'
exec_prefix='${prefix}'
host='i386-apple-darwin14.5.0'
host_alias=''
host_cpu='i386'
host_os='darwin14.5.0'
host_vendor='apple'
htmldir='${docdir}'
includedir='${prefix}/include'
infodir='${datarootdir}/info'
install_sh='$(SHELL) /Users/joshua/dev/wip/synth/fluidsynth-1.0.9/install-sh'
libdir='${exec_prefix}/lib'
libexecdir='${exec_prefix}/libexec'
localedir='${datarootdir}/locale'
localstatedir='${prefix}/var'
lt_ECHO='/bin/echo'
mandir='${datarootdir}/man'
mkdir_p='/usr/local/bin/gmkdir -p'
oldincludedir='/usr/include'
pdfdir='${docdir}'
prefix='/usr/local'
program_transform_name='s,x,x,'
psdir='${docdir}'
sbindir='${exec_prefix}/sbin'
sharedstatedir='${prefix}/com'
sysconfdir='${prefix}/etc'
target_alias=''

## ----------- ##
## confdefs.h. ##
## ----------- ##

#define PACKAGE_NAME ""
#define PACKAGE_TARNAME ""
#define PACKAGE_VERSION ""
#define PACKAGE_STRING ""
#define PACKAGE_BUGREPORT ""
#define PACKAGE "fluidsynth"
#define VERSION "1.0.9"
#define STDC_HEADERS 1
#define HAVE_SYS_TYPES_H 1
#define HAVE_SYS_STAT_H 1
#define HAVE_STDLIB_H 1
#define HAVE_STRING_H 1
#define HAVE_MEMORY_H 1
#define HAVE_STRINGS_H 1
#define HAVE_INTTYPES_H 1
#define HAVE_STDINT_H 1
#define HAVE_UNISTD_H 1
#define HAVE_DLFCN_H 1
#define LT_OBJDIR ".libs/"
#define STDC_HEADERS 1
#define HAVE_STRING_H 1
#define HAVE_STDLIB_H 1
#define HAVE_STDIO_H 1
#define HAVE_MATH_H 1
#define HAVE_ERRNO_H 1
#define HAVE_STDARG_H 1
#define HAVE_UNISTD_H 1
#define HAVE_SYS_MMAN_H 1
#define HAVE_SYS_TYPES_H 1
#define HAVE_SYS_TIME_H 1
#define HAVE_SYS_STAT_H 1
#define HAVE_FCNTL_H 1
#define HAVE_SYS_SOCKET_H 1
#define HAVE_NETINET_IN_H 1
#define HAVE_NETINET_TCP_H 1
#define HAVE_ARPA_INET_H 1
#define HAVE_LIMITS_H 1
#define HAVE_PTHREAD_H 1
#define HAVE_SIGNAL_H 1
#define DARWIN 1
#define WITH_FLOAT 1
#define DEBUG 0
#define HAVE_FCNTL_H 1
#define HAVE_SYS_IOCTL_H 1

configure: exit 0
